#
# There is insufficient memory for the Java Runtime Environment to continue.
# Native memory allocation (mmap) failed to map 135266304 bytes for Failed to commit area from 0x000000008c100000 to 0x0000000094200000 of length 135266304.
# Possible reasons:
#   The system is out of physical RAM or swap space
#   The process is running with CompressedOops enabled, and the Java Heap may be blocking the growth of the native heap
# Possible solutions:
#   Reduce memory load on the system
#   Increase physical memory or swap space
#   Check if swap backing store is full
#   Decrease Java heap size (-Xmx/-Xms)
#   Decrease number of Java threads
#   Decrease Java thread stack sizes (-Xss)
#   Set larger code cache with -XX:ReservedCodeCacheSize=
#   JVM is running with Unscaled Compressed Oops mode in which the Java heap is
#     placed in the first 4GB address space. The Java Heap base address is the
#     maximum limit for the native heap growth. Please use -XX:HeapBaseMinAddress
#     to set the Java Heap base and to place the Java Heap above 4GB virtual address.
# This output file may be truncated or incomplete.
#
#  Out of Memory Error (./src/hotspot/os/windows/os_windows.cpp:3303), pid=17740, tid=14932
#
# JRE version: OpenJDK Runtime Environment (11.0.8+10) (build 11.0.8+10-b944.6842174)
# Java VM: OpenJDK 64-Bit Server VM (11.0.8+10-b944.6842174, mixed mode, tiered, compressed oops, g1 gc, windows-amd64)
# No core dump will be written. Minidumps are not enabled by default on client versions of Windows
#

---------------  S U M M A R Y ------------

Command Line: --add-opens=java.base/java.util=ALL-UNNAMED --add-opens=java.base/java.lang=ALL-UNNAMED --add-opens=java.base/java.lang.invoke=ALL-UNNAMED --add-opens=java.prefs/java.util.prefs=ALL-UNNAMED -Xmx2048m -Dfile.encoding=UTF-8 -Duser.country=IN -Duser.language=en -Duser.variant org.gradle.launcher.daemon.bootstrap.GradleDaemon 6.7.1

Host: AMD Ryzen 5 3550H with Radeon Vega Mobile Gfx  , 8 cores, 5G,  Windows 10 , 64 bit Build 19041 (10.0.19041.546)
Time: Fri Jun  4 21:50:16 2021 India Standard Time elapsed time: 79 seconds (0d 0h 1m 19s)

---------------  T H R E A D  ---------------

Current thread (0x00000243fe1ee000):  VMThread "VM Thread" [stack: 0x0000006fecd00000,0x0000006fece00000] [id=14932]

Stack: [0x0000006fecd00000,0x0000006fece00000]
[error occurred during error reporting (printing stack bounds), id 0xc0000005, EXCEPTION_ACCESS_VIOLATION (0xc0000005) at pc=0x00000243e7150dad]

Native frames: (J=compiled Java code, j=interpreted, Vv=VM code, C=native code)
V  [jvm.dll+0x5de50a]
V  [jvm.dll+0x7122f5]
V  [jvm.dll+0x71384d]
V  [jvm.dll+0x713e65]
V  [jvm.dll+0x713e1b]
V  [jvm.dll+0x5dd958]
V  [jvm.dll+0x5de0f8]
C  [ntdll.dll+0xa10ff]
C  [ntdll.dll+0x4b474]
C  [ntdll.dll+0x9fc2e]
C  0x00000243e7150dad

VM_Operation (0x0000006ff82fe1e0): G1CollectForAllocation, mode: safepoint, requested by thread 0x0000024383868000


---------------  P R O C E S S  ---------------

Threads class SMR info:
_java_thread_list=0x0000024381f66730, length=185, elements={
0x00000243e37ca800, 0x00000243fe1f2800, 0x00000243fe1f5800, 0x00000243fe20e000,
0x00000243fe20f000, 0x00000243fe210000, 0x00000243fe24b800, 0x00000243fe24c800,
0x00000243fecb9000, 0x00000243fecfc800, 0x000002438098e000, 0x0000024380850800,
0x0000024380adf000, 0x0000024380ab0800, 0x0000024380acf800, 0x000002438001a800,
0x00000243fecea800, 0x00000243804f1800, 0x00000243ff5a7800, 0x00000243ff599800,
0x00000243ff597800, 0x00000243ff598000, 0x00000243ff59b800, 0x00000243ff599000,
0x00000243ff59c000, 0x00000243ff59e000, 0x00000243ff59a800, 0x00000243ff59d000,
0x00000243800a1800, 0x00000243800a3000, 0x00000243800a4000, 0x00000243800a0800,
0x00000243800a5000, 0x00000243800a5800, 0x00000243800a0000, 0x00000243800ac000,
0x00000243800a9800, 0x00000243800a9000, 0x00000243800aa800, 0x00000243800ab800,
0x00000243800a6800, 0x00000243800ad000, 0x00000243800a7000, 0x00000243800ae000,
0x00000243800a8000, 0x00000243800ae800, 0x000002438107b800, 0x000002438107c000,
0x0000024381079000, 0x0000024381079800, 0x000002438107a800, 0x0000024381078000,
0x000002438107e000, 0x0000024381082000, 0x0000024381082800, 0x0000024381080000,
0x0000024381081000, 0x000002438107d000, 0x0000024381083800, 0x0000024381084800,
0x000002438107e800, 0x0000024381085000, 0x000002438107f800, 0x0000024381086000,
0x0000024381086800, 0x00000243801aa800, 0x00000243801a5800, 0x00000243801a6800,
0x00000243801aa000, 0x00000243801a7800, 0x00000243801a9000, 0x00000243801a5000,
0x00000243801ac000, 0x00000243801ad000, 0x00000243801ab800, 0x00000243801ae000,
0x00000243801a8000, 0x00000243801af800, 0x00000243801b1000, 0x00000243801b3800,
0x00000243801b0800, 0x00000243801b2000, 0x00000243801ae800, 0x00000243801b3000,
0x00000243819ba000, 0x00000243819b4800, 0x00000243819b8800, 0x00000243819bb000,
0x00000243819b9800, 0x00000243819b5800, 0x00000243819b8000, 0x00000243819bc000,
0x00000243819b6000, 0x00000243819bc800, 0x00000243819b7000, 0x00000243819bd800,
0x00000243819bf000, 0x00000243819c2800, 0x00000243819c3000, 0x00000243819be800,
0x00000243819c0000, 0x00000243819c1000, 0x00000243819c1800, 0x0000024381885000,
0x0000024381888000, 0x000002438188a800, 0x000002438188b800, 0x0000024381889000,
0x0000024381889800, 0x0000024381885800, 0x000002438188c000, 0x0000024381887000,
0x0000024381886800, 0x000002438188e800, 0x0000024381892800, 0x000002438188e000,
0x000002438188f800, 0x0000024381890000, 0x0000024381892000, 0x000002438188d000,
0x0000024381893800, 0x0000024381891000, 0x00000243ff01c000, 0x00000243ff01b000,
0x00000243ff01c800, 0x00000243ff01d800, 0x00000243ff020000, 0x00000243ff01e800,
0x00000243ff01f000, 0x00000243ff01a000, 0x00000243ff023000, 0x00000243ff022800,
0x00000243ff020800, 0x00000243ff025000, 0x00000243ff021800, 0x00000243ff027800,
0x00000243ff024000, 0x00000243ff025800, 0x00000243ff026800, 0x00000243ff028000,
0x00000243ff029000, 0x00000243feeca800, 0x00000243feecb800, 0x00000243feecc800,
0x00000243feecd000, 0x00000243feec9000, 0x00000243feeca000, 0x00000243feed1000,
0x00000243feed3800, 0x00000243feece000, 0x00000243feed4800, 0x00000243feece800,
0x00000243feed5800, 0x00000243feed2000, 0x00000243feecf800, 0x00000243feed3000,
0x00000243feed6000, 0x00000243feed0800, 0x00000243feed7000, 0x00000243feed7800,
0x000002438385c800, 0x000002438385e000, 0x000002438385b800, 0x000002438385a000,
0x000002438385f000, 0x0000024383859800, 0x000002438385d800, 0x0000024383860000,
0x0000024383860800, 0x000002438385b000, 0x0000024383864000, 0x0000024383867000,
0x0000024383866800, 0x0000024383861800, 0x0000024383863000, 0x0000024383862800,
0x0000024383868000, 0x0000024383864800, 0x0000024383865800, 0x00000243872cb000,
0x00000243872cb800, 0x00000243872ca000, 0x00000243872ce000, 0x00000243872cc800,
0x000002438726f000
}

Java Threads: ( => current thread )
  0x00000243e37ca800 JavaThread "main" [_thread_blocked, id=16680, stack(0x0000006fec700000,0x0000006fec800000)]
  0x00000243fe1f2800 JavaThread "Reference Handler" daemon [_thread_blocked, id=15640, stack(0x0000006fece00000,0x0000006fecf00000)]
  0x00000243fe1f5800 JavaThread "Finalizer" daemon [_thread_blocked, id=2396, stack(0x0000006fecf00000,0x0000006fed000000)]
  0x00000243fe20e000 JavaThread "Signal Dispatcher" daemon [_thread_blocked, id=6652, stack(0x0000006fed000000,0x0000006fed100000)]
  0x00000243fe20f000 JavaThread "Attach Listener" daemon [_thread_blocked, id=13060, stack(0x0000006fed100000,0x0000006fed200000)]
  0x00000243fe210000 JavaThread "C2 CompilerThread0" daemon [_thread_in_native, id=15332, stack(0x0000006fed200000,0x0000006fed300000)]
  0x00000243fe24b800 JavaThread "C1 CompilerThread0" daemon [_thread_blocked, id=3240, stack(0x0000006fed300000,0x0000006fed400000)]
  0x00000243fe24c800 JavaThread "Sweeper thread" daemon [_thread_blocked, id=13568, stack(0x0000006fed400000,0x0000006fed500000)]
  0x00000243fecb9000 JavaThread "Common-Cleaner" daemon [_thread_blocked, id=9656, stack(0x0000006fed500000,0x0000006fed600000)]
  0x00000243fecfc800 JavaThread "Service Thread" daemon [_thread_blocked, id=17560, stack(0x0000006fed600000,0x0000006fed700000)]
  0x000002438098e000 JavaThread "Daemon health stats" [_thread_blocked, id=18376, stack(0x0000006fed900000,0x0000006feda00000)]
  0x0000024380850800 JavaThread "Incoming local TCP Connector on port 6118" [_thread_in_native, id=19828, stack(0x0000006fedc00000,0x0000006fedd00000)]
  0x0000024380adf000 JavaThread "Daemon periodic checks" [_thread_blocked, id=19940, stack(0x0000006fedd00000,0x0000006fede00000)]
  0x0000024380ab0800 JavaThread "Daemon" [_thread_blocked, id=10340, stack(0x0000006fede00000,0x0000006fedf00000)]
  0x0000024380acf800 JavaThread "Handler for socket connection from /127.0.0.1:6118 to /127.0.0.1:6120" [_thread_in_native, id=19964, stack(0x0000006fedf00000,0x0000006fee000000)]
  0x000002438001a800 JavaThread "Cancel handler" [_thread_blocked, id=16352, stack(0x0000006fee700000,0x0000006fee800000)]
  0x00000243fecea800 JavaThread "Daemon worker" [_thread_blocked, id=7208, stack(0x0000006fee800000,0x0000006fee900000)]
  0x00000243804f1800 JavaThread "Asynchronous log dispatcher for DefaultDaemonConnection: socket connection from /127.0.0.1:6118 to /127.0.0.1:6120" [_thread_blocked, id=352, stack(0x0000006fee900000,0x0000006feea00000)]
  0x00000243ff5a7800 JavaThread "Thread-8" [_thread_blocked, id=6244, stack(0x0000006feeb00000,0x0000006feec00000)]
  0x00000243ff599800 JavaThread "Cache worker for file hash cache (C:\Users\raj\.gradle\caches\6.7.1\fileHashes)" [_thread_blocked, id=1036, stack(0x0000006feec00000,0x0000006feed00000)]
  0x00000243ff597800 JavaThread "File lock request listener" [_thread_in_native, id=15552, stack(0x0000006feed00000,0x0000006feee00000)]
  0x00000243ff598000 JavaThread "Cache worker for journal cache (C:\Users\raj\.gradle\caches\journal-1)" [_thread_blocked, id=14708, stack(0x0000006feef00000,0x0000006fef000000)]
  0x00000243ff59b800 JavaThread "Cache worker for file hash cache (C:\Users\raj\Covid Slots Tracker\Android Project\.gradle\6.7.1\fileHashes)" [_thread_blocked, id=10932, stack(0x0000006fef000000,0x0000006fef100000)]
  0x00000243ff599000 JavaThread "Cache worker for checksums cache (C:\Users\raj\Covid Slots Tracker\Android Project\.gradle\checksums)" [_thread_blocked, id=13380, stack(0x0000006fef100000,0x0000006fef200000)]
  0x00000243ff59c000 JavaThread "Cache worker for cache directory md-supplier (C:\Users\raj\.gradle\caches\6.7.1\md-supplier)" [_thread_blocked, id=18908, stack(0x0000006fef200000,0x0000006fef300000)]
  0x00000243ff59e000 JavaThread "Cache worker for cache directory md-rule (C:\Users\raj\.gradle\caches\6.7.1\md-rule)" [_thread_blocked, id=9408, stack(0x0000006fef300000,0x0000006fef400000)]
  0x00000243ff59a800 JavaThread "Cache worker for execution history cache (C:\Users\raj\.gradle\caches\6.7.1\executionHistory)" [_thread_blocked, id=5244, stack(0x0000006fef400000,0x0000006fef500000)]
  0x00000243ff59d000 JavaThread "jar transforms" [_thread_blocked, id=14808, stack(0x0000006fef500000,0x0000006fef600000)]
  0x00000243800a1800 JavaThread "Cache worker for file content cache (C:\Users\raj\.gradle\caches\6.7.1\fileContent)" [_thread_blocked, id=3108, stack(0x0000006fef600000,0x0000006fef700000)]
  0x00000243800a3000 JavaThread "Cache worker for Build Output Cleanup Cache (C:\Users\raj\Covid Slots Tracker\Android Project\.gradle\buildOutputCleanup)" [_thread_blocked, id=14176, stack(0x0000006fef700000,0x0000006fef800000)]
  0x00000243800a4000 JavaThread "Build operations" [_thread_blocked, id=13388, stack(0x0000006fef800000,0x0000006fef900000)]
  0x00000243800a0800 JavaThread "Build operations Thread 2" [_thread_blocked, id=19560, stack(0x0000006fef900000,0x0000006fefa00000)]
  0x00000243800a5000 JavaThread "Build operations Thread 3" [_thread_blocked, id=20152, stack(0x0000006fefa00000,0x0000006fefb00000)]
  0x00000243800a5800 JavaThread "Build operations Thread 4" [_thread_blocked, id=8444, stack(0x0000006fefb00000,0x0000006fefc00000)]
  0x00000243800a0000 JavaThread "Build operations Thread 5" [_thread_blocked, id=12176, stack(0x0000006fefc00000,0x0000006fefd00000)]
  0x00000243800ac000 JavaThread "Build operations Thread 6" [_thread_blocked, id=1556, stack(0x0000006fefd00000,0x0000006fefe00000)]
  0x00000243800a9800 JavaThread "Build operations Thread 7" [_thread_blocked, id=11284, stack(0x0000006fefe00000,0x0000006feff00000)]
  0x00000243800a9000 JavaThread "Build operations Thread 8" [_thread_blocked, id=11956, stack(0x0000006feff00000,0x0000006ff0000000)]
  0x00000243800aa800 JavaThread "jar transforms Thread 2" [_thread_blocked, id=17284, stack(0x0000006ff0000000,0x0000006ff0100000)]
  0x00000243800ab800 JavaThread "jar transforms Thread 3" [_thread_blocked, id=20404, stack(0x0000006ff0100000,0x0000006ff0200000)]
  0x00000243800a6800 JavaThread "jar transforms Thread 4" [_thread_blocked, id=7076, stack(0x0000006ff0200000,0x0000006ff0300000)]
  0x00000243800ad000 JavaThread "jar transforms Thread 5" [_thread_blocked, id=14764, stack(0x0000006ff0300000,0x0000006ff0400000)]
  0x00000243800a7000 JavaThread "jar transforms Thread 6" [_thread_blocked, id=19376, stack(0x0000006ff0400000,0x0000006ff0500000)]
  0x00000243800ae000 JavaThread "jar transforms Thread 7" [_thread_blocked, id=7496, stack(0x0000006ff0500000,0x0000006ff0600000)]
  0x00000243800a8000 JavaThread "jar transforms Thread 8" [_thread_blocked, id=18612, stack(0x0000006ff0600000,0x0000006ff0700000)]
  0x00000243800ae800 JavaThread "jar transforms Thread 9" [_thread_blocked, id=8148, stack(0x0000006ff0700000,0x0000006ff0800000)]
  0x000002438107b800 JavaThread "jar transforms Thread 10" [_thread_blocked, id=2604, stack(0x0000006ff0800000,0x0000006ff0900000)]
  0x000002438107c000 JavaThread "jar transforms Thread 11" [_thread_blocked, id=10912, stack(0x0000006ff0900000,0x0000006ff0a00000)]
  0x0000024381079000 JavaThread "jar transforms Thread 12" [_thread_blocked, id=15912, stack(0x0000006ff0a00000,0x0000006ff0b00000)]
  0x0000024381079800 JavaThread "jar transforms Thread 13" [_thread_blocked, id=1508, stack(0x0000006ff0b00000,0x0000006ff0c00000)]
  0x000002438107a800 JavaThread "jar transforms Thread 14" [_thread_blocked, id=19344, stack(0x0000006ff0c00000,0x0000006ff0d00000)]
  0x0000024381078000 JavaThread "jar transforms Thread 15" [_thread_blocked, id=15848, stack(0x0000006ff0d00000,0x0000006ff0e00000)]
  0x000002438107e000 JavaThread "jar transforms Thread 16" [_thread_blocked, id=13588, stack(0x0000006ff0e00000,0x0000006ff0f00000)]
  0x0000024381082000 JavaThread "jar transforms Thread 17" [_thread_blocked, id=16104, stack(0x0000006ff0f00000,0x0000006ff1000000)]
  0x0000024381082800 JavaThread "jar transforms Thread 18" [_thread_blocked, id=4476, stack(0x0000006ff1000000,0x0000006ff1100000)]
  0x0000024381080000 JavaThread "jar transforms Thread 19" [_thread_blocked, id=20240, stack(0x0000006ff1100000,0x0000006ff1200000)]
  0x0000024381081000 JavaThread "jar transforms Thread 20" [_thread_blocked, id=11740, stack(0x0000006ff1200000,0x0000006ff1300000)]
  0x000002438107d000 JavaThread "jar transforms Thread 21" [_thread_blocked, id=10372, stack(0x0000006ff1300000,0x0000006ff1400000)]
  0x0000024381083800 JavaThread "jar transforms Thread 22" [_thread_blocked, id=16688, stack(0x0000006ff1400000,0x0000006ff1500000)]
  0x0000024381084800 JavaThread "jar transforms Thread 23" [_thread_blocked, id=13428, stack(0x0000006ff1500000,0x0000006ff1600000)]
  0x000002438107e800 JavaThread "jar transforms Thread 24" [_thread_blocked, id=15072, stack(0x0000006ff1600000,0x0000006ff1700000)]
  0x0000024381085000 JavaThread "jar transforms Thread 25" [_thread_blocked, id=18932, stack(0x0000006ff1700000,0x0000006ff1800000)]
  0x000002438107f800 JavaThread "jar transforms Thread 26" [_thread_blocked, id=8824, stack(0x0000006ff1800000,0x0000006ff1900000)]
  0x0000024381086000 JavaThread "jar transforms Thread 27" [_thread_blocked, id=17188, stack(0x0000006ff1900000,0x0000006ff1a00000)]
  0x0000024381086800 JavaThread "jar transforms Thread 28" [_thread_blocked, id=17532, stack(0x0000006ff1a00000,0x0000006ff1b00000)]
  0x00000243801aa800 JavaThread "jar transforms Thread 29" [_thread_blocked, id=11404, stack(0x0000006ff1b00000,0x0000006ff1c00000)]
  0x00000243801a5800 JavaThread "jar transforms Thread 30" [_thread_blocked, id=17620, stack(0x0000006ff1c00000,0x0000006ff1d00000)]
  0x00000243801a6800 JavaThread "jar transforms Thread 31" [_thread_blocked, id=17588, stack(0x0000006ff1d00000,0x0000006ff1e00000)]
  0x00000243801aa000 JavaThread "jar transforms Thread 32" [_thread_blocked, id=2532, stack(0x0000006ff1e00000,0x0000006ff1f00000)]
  0x00000243801a7800 JavaThread "jar transforms Thread 33" [_thread_blocked, id=1692, stack(0x0000006ff1f00000,0x0000006ff2000000)]
  0x00000243801a9000 JavaThread "jar transforms Thread 34" [_thread_blocked, id=19640, stack(0x0000006ff2000000,0x0000006ff2100000)]
  0x00000243801a5000 JavaThread "jar transforms Thread 35" [_thread_blocked, id=18992, stack(0x0000006ff2100000,0x0000006ff2200000)]
  0x00000243801ac000 JavaThread "jar transforms Thread 36" [_thread_blocked, id=664, stack(0x0000006ff2200000,0x0000006ff2300000)]
  0x00000243801ad000 JavaThread "jar transforms Thread 37" [_thread_blocked, id=20172, stack(0x0000006ff2300000,0x0000006ff2400000)]
  0x00000243801ab800 JavaThread "jar transforms Thread 38" [_thread_blocked, id=15220, stack(0x0000006ff2400000,0x0000006ff2500000)]
  0x00000243801ae000 JavaThread "jar transforms Thread 39" [_thread_blocked, id=12384, stack(0x0000006ff2500000,0x0000006ff2600000)]
  0x00000243801a8000 JavaThread "jar transforms Thread 40" [_thread_blocked, id=11680, stack(0x0000006ff2600000,0x0000006ff2700000)]
  0x00000243801af800 JavaThread "jar transforms Thread 41" [_thread_blocked, id=2112, stack(0x0000006ff2700000,0x0000006ff2800000)]
  0x00000243801b1000 JavaThread "jar transforms Thread 42" [_thread_blocked, id=18536, stack(0x0000006ff2800000,0x0000006ff2900000)]
  0x00000243801b3800 JavaThread "jar transforms Thread 43" [_thread_blocked, id=11168, stack(0x0000006ff2900000,0x0000006ff2a00000)]
  0x00000243801b0800 JavaThread "jar transforms Thread 44" [_thread_blocked, id=13860, stack(0x0000006ff2a00000,0x0000006ff2b00000)]
  0x00000243801b2000 JavaThread "jar transforms Thread 45" [_thread_blocked, id=5908, stack(0x0000006ff2b00000,0x0000006ff2c00000)]
  0x00000243801ae800 JavaThread "jar transforms Thread 46" [_thread_blocked, id=19628, stack(0x0000006ff2c00000,0x0000006ff2d00000)]
  0x00000243801b3000 JavaThread "jar transforms Thread 47" [_thread_blocked, id=7096, stack(0x0000006ff2d00000,0x0000006ff2e00000)]
  0x00000243819ba000 JavaThread "jar transforms Thread 48" [_thread_blocked, id=16668, stack(0x0000006ff2e00000,0x0000006ff2f00000)]
  0x00000243819b4800 JavaThread "jar transforms Thread 49" [_thread_blocked, id=9096, stack(0x0000006ff2f00000,0x0000006ff3000000)]
  0x00000243819b8800 JavaThread "jar transforms Thread 50" [_thread_blocked, id=17704, stack(0x0000006ff3000000,0x0000006ff3100000)]
  0x00000243819bb000 JavaThread "jar transforms Thread 51" [_thread_blocked, id=15464, stack(0x0000006ff3100000,0x0000006ff3200000)]
  0x00000243819b9800 JavaThread "jar transforms Thread 52" [_thread_blocked, id=18664, stack(0x0000006ff3200000,0x0000006ff3300000)]
  0x00000243819b5800 JavaThread "jar transforms Thread 53" [_thread_blocked, id=12372, stack(0x0000006ff3300000,0x0000006ff3400000)]
  0x00000243819b8000 JavaThread "jar transforms Thread 54" [_thread_blocked, id=20380, stack(0x0000006ff3400000,0x0000006ff3500000)]
  0x00000243819bc000 JavaThread "jar transforms Thread 55" [_thread_blocked, id=15044, stack(0x0000006ff3500000,0x0000006ff3600000)]
  0x00000243819b6000 JavaThread "jar transforms Thread 56" [_thread_blocked, id=16564, stack(0x0000006ff3600000,0x0000006ff3700000)]
  0x00000243819bc800 JavaThread "jar transforms Thread 57" [_thread_blocked, id=19984, stack(0x0000006ff3700000,0x0000006ff3800000)]
  0x00000243819b7000 JavaThread "jar transforms Thread 58" [_thread_blocked, id=8064, stack(0x0000006ff3800000,0x0000006ff3900000)]
  0x00000243819bd800 JavaThread "jar transforms Thread 59" [_thread_blocked, id=4380, stack(0x0000006ff3900000,0x0000006ff3a00000)]
  0x00000243819bf000 JavaThread "jar transforms Thread 60" [_thread_blocked, id=2664, stack(0x0000006ff3a00000,0x0000006ff3b00000)]
  0x00000243819c2800 JavaThread "jar transforms Thread 61" [_thread_blocked, id=13656, stack(0x0000006ff3b00000,0x0000006ff3c00000)]
  0x00000243819c3000 JavaThread "jar transforms Thread 62" [_thread_blocked, id=15724, stack(0x0000006ff3c00000,0x0000006ff3d00000)]
  0x00000243819be800 JavaThread "jar transforms Thread 63" [_thread_blocked, id=19816, stack(0x0000006ff3d00000,0x0000006ff3e00000)]
  0x00000243819c0000 JavaThread "jar transforms Thread 64" [_thread_blocked, id=14536, stack(0x0000006ff3e00000,0x0000006ff3f00000)]
  0x00000243819c1000 JavaThread "jar transforms Thread 65" [_thread_blocked, id=1060, stack(0x0000006ff3f00000,0x0000006ff4000000)]
  0x00000243819c1800 JavaThread "jar transforms Thread 66" [_thread_blocked, id=17908, stack(0x0000006ff4000000,0x0000006ff4100000)]
  0x0000024381885000 JavaThread "jar transforms Thread 67" [_thread_blocked, id=1040, stack(0x0000006ff4100000,0x0000006ff4200000)]
  0x0000024381888000 JavaThread "jar transforms Thread 68" [_thread_blocked, id=17836, stack(0x0000006ff4200000,0x0000006ff4300000)]
  0x000002438188a800 JavaThread "jar transforms Thread 69" [_thread_blocked, id=7224, stack(0x0000006ff4300000,0x0000006ff4400000)]
  0x000002438188b800 JavaThread "jar transforms Thread 70" [_thread_blocked, id=18644, stack(0x0000006ff4400000,0x0000006ff4500000)]
  0x0000024381889000 JavaThread "jar transforms Thread 71" [_thread_blocked, id=10156, stack(0x0000006ff4500000,0x0000006ff4600000)]
  0x0000024381889800 JavaThread "jar transforms Thread 72" [_thread_blocked, id=18388, stack(0x0000006ff4600000,0x0000006ff4700000)]
  0x0000024381885800 JavaThread "jar transforms Thread 73" [_thread_blocked, id=18556, stack(0x0000006ff4700000,0x0000006ff4800000)]
  0x000002438188c000 JavaThread "jar transforms Thread 74" [_thread_blocked, id=4712, stack(0x0000006ff4800000,0x0000006ff4900000)]
  0x0000024381887000 JavaThread "jar transforms Thread 75" [_thread_blocked, id=17252, stack(0x0000006ff4900000,0x0000006ff4a00000)]
  0x0000024381886800 JavaThread "jar transforms Thread 76" [_thread_blocked, id=1608, stack(0x0000006ff4a00000,0x0000006ff4b00000)]
  0x000002438188e800 JavaThread "jar transforms Thread 77" [_thread_blocked, id=16944, stack(0x0000006ff4b00000,0x0000006ff4c00000)]
  0x0000024381892800 JavaThread "jar transforms Thread 78" [_thread_blocked, id=10768, stack(0x0000006ff4c00000,0x0000006ff4d00000)]
  0x000002438188e000 JavaThread "jar transforms Thread 79" [_thread_blocked, id=18256, stack(0x0000006ff4d00000,0x0000006ff4e00000)]
  0x000002438188f800 JavaThread "jar transforms Thread 80" [_thread_blocked, id=8240, stack(0x0000006ff4e00000,0x0000006ff4f00000)]
  0x0000024381890000 JavaThread "jar transforms Thread 81" [_thread_blocked, id=20236, stack(0x0000006ff4f00000,0x0000006ff5000000)]
  0x0000024381892000 JavaThread "jar transforms Thread 82" [_thread_blocked, id=14024, stack(0x0000006ff5000000,0x0000006ff5100000)]
  0x000002438188d000 JavaThread "jar transforms Thread 83" [_thread_blocked, id=14712, stack(0x0000006ff5100000,0x0000006ff5200000)]
  0x0000024381893800 JavaThread "jar transforms Thread 84" [_thread_blocked, id=14260, stack(0x0000006ff5200000,0x0000006ff5300000)]
  0x0000024381891000 JavaThread "jar transforms Thread 85" [_thread_blocked, id=14532, stack(0x0000006ff5300000,0x0000006ff5400000)]
  0x00000243ff01c000 JavaThread "jar transforms Thread 86" [_thread_blocked, id=6280, stack(0x0000006ff5400000,0x0000006ff5500000)]
  0x00000243ff01b000 JavaThread "jar transforms Thread 87" [_thread_blocked, id=9192, stack(0x0000006ff5500000,0x0000006ff5600000)]
  0x00000243ff01c800 JavaThread "jar transforms Thread 88" [_thread_blocked, id=13972, stack(0x0000006ff5600000,0x0000006ff5700000)]
  0x00000243ff01d800 JavaThread "jar transforms Thread 89" [_thread_blocked, id=11664, stack(0x0000006ff5700000,0x0000006ff5800000)]
  0x00000243ff020000 JavaThread "jar transforms Thread 90" [_thread_blocked, id=4968, stack(0x0000006ff5800000,0x0000006ff5900000)]
  0x00000243ff01e800 JavaThread "jar transforms Thread 91" [_thread_blocked, id=13200, stack(0x0000006ff5900000,0x0000006ff5a00000)]
  0x00000243ff01f000 JavaThread "jar transforms Thread 92" [_thread_blocked, id=19936, stack(0x0000006ff5a00000,0x0000006ff5b00000)]
  0x00000243ff01a000 JavaThread "jar transforms Thread 93" [_thread_blocked, id=10664, stack(0x0000006ff5b00000,0x0000006ff5c00000)]
  0x00000243ff023000 JavaThread "jar transforms Thread 94" [_thread_blocked, id=11432, stack(0x0000006ff5c00000,0x0000006ff5d00000)]
  0x00000243ff022800 JavaThread "jar transforms Thread 95" [_thread_blocked, id=10648, stack(0x0000006ff5d00000,0x0000006ff5e00000)]
  0x00000243ff020800 JavaThread "jar transforms Thread 96" [_thread_blocked, id=4556, stack(0x0000006ff5e00000,0x0000006ff5f00000)]
  0x00000243ff025000 JavaThread "jar transforms Thread 97" [_thread_blocked, id=5560, stack(0x0000006ff5f00000,0x0000006ff6000000)]
  0x00000243ff021800 JavaThread "jar transforms Thread 98" [_thread_blocked, id=972, stack(0x0000006ff6000000,0x0000006ff6100000)]
  0x00000243ff027800 JavaThread "jar transforms Thread 99" [_thread_blocked, id=19624, stack(0x0000006ff6100000,0x0000006ff6200000)]
  0x00000243ff024000 JavaThread "jar transforms Thread 100" [_thread_blocked, id=6764, stack(0x0000006ff6200000,0x0000006ff6300000)]
  0x00000243ff025800 JavaThread "jar transforms Thread 101" [_thread_blocked, id=9676, stack(0x0000006ff6300000,0x0000006ff6400000)]
  0x00000243ff026800 JavaThread "jar transforms Thread 102" [_thread_blocked, id=20044, stack(0x0000006ff6400000,0x0000006ff6500000)]
  0x00000243ff028000 JavaThread "jar transforms Thread 103" [_thread_blocked, id=12180, stack(0x0000006ff6500000,0x0000006ff6600000)]
  0x00000243ff029000 JavaThread "jar transforms Thread 104" [_thread_blocked, id=17600, stack(0x0000006ff6600000,0x0000006ff6700000)]
  0x00000243feeca800 JavaThread "jar transforms Thread 105" [_thread_blocked, id=19064, stack(0x0000006ff6700000,0x0000006ff6800000)]
  0x00000243feecb800 JavaThread "jar transforms Thread 106" [_thread_blocked, id=9564, stack(0x0000006ff6800000,0x0000006ff6900000)]
  0x00000243feecc800 JavaThread "jar transforms Thread 107" [_thread_blocked, id=19264, stack(0x0000006ff6900000,0x0000006ff6a00000)]
  0x00000243feecd000 JavaThread "jar transforms Thread 108" [_thread_blocked, id=15788, stack(0x0000006ff6a00000,0x0000006ff6b00000)]
  0x00000243feec9000 JavaThread "jar transforms Thread 109" [_thread_blocked, id=1696, stack(0x0000006ff6b00000,0x0000006ff6c00000)]
  0x00000243feeca000 JavaThread "jar transforms Thread 110" [_thread_blocked, id=18444, stack(0x0000006ff6c00000,0x0000006ff6d00000)]
  0x00000243feed1000 JavaThread "jar transforms Thread 111" [_thread_blocked, id=10168, stack(0x0000006ff6d00000,0x0000006ff6e00000)]
  0x00000243feed3800 JavaThread "jar transforms Thread 112" [_thread_blocked, id=16036, stack(0x0000006ff6e00000,0x0000006ff6f00000)]
  0x00000243feece000 JavaThread "jar transforms Thread 113" [_thread_blocked, id=1252, stack(0x0000006ff6f00000,0x0000006ff7000000)]
  0x00000243feed4800 JavaThread "jar transforms Thread 114" [_thread_blocked, id=5780, stack(0x0000006ff7000000,0x0000006ff7100000)]
  0x00000243feece800 JavaThread "jar transforms Thread 115" [_thread_blocked, id=1280, stack(0x0000006ff7100000,0x0000006ff7200000)]
  0x00000243feed5800 JavaThread "jar transforms Thread 116" [_thread_blocked, id=19236, stack(0x0000006ff7200000,0x0000006ff7300000)]
  0x00000243feed2000 JavaThread "Memory manager" [_thread_blocked, id=17464, stack(0x0000006ff7400000,0x0000006ff7500000)]
  0x00000243feecf800 JavaThread "build event listener" [_thread_blocked, id=15060, stack(0x0000006fec400000,0x0000006fec500000)]
  0x00000243feed3000 JavaThread "pool-3-thread-1" [_thread_blocked, id=10296, stack(0x0000006fec500000,0x0000006fec600000)]
  0x00000243feed6000 JavaThread "build event listener" [_thread_blocked, id=9016, stack(0x0000006fec600000,0x0000006fec700000)]
  0x00000243feed0800 JavaThread "Execution worker for ':'" [_thread_blocked, id=16532, stack(0x0000006ff7300000,0x0000006ff7400000)]
  0x00000243feed7000 JavaThread "Execution worker for ':' Thread 2" [_thread_blocked, id=12888, stack(0x0000006ff7500000,0x0000006ff7600000)]
  0x00000243feed7800 JavaThread "Execution worker for ':' Thread 3" [_thread_blocked, id=18940, stack(0x0000006ff7600000,0x0000006ff7700000)]
  0x000002438385c800 JavaThread "Execution worker for ':' Thread 4" [_thread_blocked, id=14044, stack(0x0000006ff7700000,0x0000006ff7800000)]
  0x000002438385e000 JavaThread "Execution worker for ':' Thread 5" [_thread_blocked, id=18828, stack(0x0000006ff7800000,0x0000006ff7900000)]
  0x000002438385b800 JavaThread "Execution worker for ':' Thread 6" [_thread_blocked, id=19556, stack(0x0000006ff7900000,0x0000006ff7a00000)]
  0x000002438385a000 JavaThread "Execution worker for ':' Thread 7" [_thread_blocked, id=17676, stack(0x0000006ff7a00000,0x0000006ff7b00000)]
  0x000002438385f000 JavaThread "Cache worker for execution history cache (C:\Users\raj\Covid Slots Tracker\Android Project\.gradle\6.7.1\executionHistory)" [_thread_blocked, id=19512, stack(0x0000006ff7b00000,0x0000006ff7c00000)]
  0x0000024383859800 JavaThread "WorkerExecutor Queue" [_thread_blocked, id=20232, stack(0x0000006ff7c00000,0x0000006ff7d00000)]
  0x000002438385d800 JavaThread "WorkerExecutor Queue Thread 2" [_thread_blocked, id=244, stack(0x0000006ff7d00000,0x0000006ff7e00000)]
  0x0000024383860000 JavaThread "WorkerExecutor Queue Thread 3" [_thread_blocked, id=18124, stack(0x0000006ff7e00000,0x0000006ff7f00000)]
  0x0000024383860800 JavaThread "WorkerExecutor Queue Thread 4" [_thread_blocked, id=7352, stack(0x0000006ff7f00000,0x0000006ff8000000)]
  0x000002438385b000 JavaThread "WorkerExecutor Queue Thread 5" [_thread_blocked, id=18964, stack(0x0000006ff8000000,0x0000006ff8100000)]
  0x0000024383864000 JavaThread "WorkerExecutor Queue Thread 6" [_thread_blocked, id=11148, stack(0x0000006ff8100000,0x0000006ff8200000)]
  0x0000024383867000 JavaThread "WorkerExecutor Queue Thread 8" [_thread_blocked, id=1648, stack(0x0000006ff8300000,0x0000006ff8400000)]
  0x0000024383866800 JavaThread "WorkerExecutor Queue Thread 9" [_thread_blocked, id=1808, stack(0x0000006ff8400000,0x0000006ff8500000)]
  0x0000024383861800 JavaThread "pool-4-thread-1" [_thread_blocked, id=8556, stack(0x0000006ff8500000,0x0000006ff8600000)]
  0x0000024383863000 JavaThread "stderr" [_thread_in_native, id=3784, stack(0x0000006ff8600000,0x0000006ff8700000)]
  0x0000024383862800 JavaThread "stdout" [_thread_in_native, id=5432, stack(0x0000006ff8700000,0x0000006ff8800000)]
  0x0000024383868000 JavaThread "ForkJoinPool-1-worker-3" daemon [_thread_blocked, id=14204, stack(0x0000006ff8200000,0x0000006ff8300000)]
  0x0000024383864800 JavaThread "ForkJoinPool-1-worker-5" daemon [_thread_blocked, id=4680, stack(0x0000006ff8800000,0x0000006ff8900000)]
  0x0000024383865800 JavaThread "ForkJoinPool-1-worker-7" daemon [_thread_blocked, id=18280, stack(0x0000006ff8900000,0x0000006ff8a00000)]
  0x00000243872cb000 JavaThread "ForkJoinPool-1-worker-9" daemon [_thread_blocked, id=10152, stack(0x0000006ff8a00000,0x0000006ff8b00000)]
  0x00000243872cb800 JavaThread "ForkJoinPool-1-worker-11" daemon [_thread_blocked, id=14412, stack(0x0000006ff8b00000,0x0000006ff8c00000)]
  0x00000243872ca000 JavaThread "ForkJoinPool-1-worker-13" daemon [_thread_blocked, id=18792, stack(0x0000006ff8c00000,0x0000006ff8d00000)]
  0x00000243872ce000 JavaThread "ForkJoinPool-1-worker-15" daemon [_thread_blocked, id=19792, stack(0x0000006ff8d00000,0x0000006ff8e00000)]
  0x00000243872cc800 JavaThread "ForkJoinPool-1-worker-1" daemon [_thread_blocked, id=8648, stack(0x0000006ff8e00000,0x0000006ff8f00000)]
  0x000002438726f000 JavaThread "C2 CompilerThread1" daemon [_thread_blocked, id=14164, stack(0x0000006feea00000,0x0000006feeb00000)]

Other Threads:
=>0x00000243fe1ee000 VMThread "VM Thread" [stack: 0x0000006fecd00000,0x0000006fece00000] [id=14932]
  0x00000243fecfd000 WatcherThread [stack: 0x0000006fed700000,0x0000006fed800000] [id=8172]
  0x00000243e37e3000 GCTaskThread "GC Thread#0" [stack: 0x0000006fec800000,0x0000006fec900000] [id=19256]
  0x0000024380004800 GCTaskThread "GC Thread#1" [stack: 0x0000006fed800000,0x0000006fed900000] [id=17180]
  0x00000243ff603000 GCTaskThread "GC Thread#2" [stack: 0x0000006fee000000,0x0000006fee100000] [id=19424]
  0x00000243ff603800 GCTaskThread "GC Thread#3" [stack: 0x0000006fee100000,0x0000006fee200000] [id=17324]
  0x0000024380f98800 GCTaskThread "GC Thread#4" [stack: 0x0000006fee200000,0x0000006fee300000] [id=13864]
  0x0000024380f99800 GCTaskThread "GC Thread#5" [stack: 0x0000006fee300000,0x0000006fee400000] [id=8540]
  0x0000024380a58800 GCTaskThread "GC Thread#6" [stack: 0x0000006fee400000,0x0000006fee500000] [id=3204]
  0x0000024380a59000 GCTaskThread "GC Thread#7" [stack: 0x0000006fee500000,0x0000006fee600000] [id=1916]
  0x00000243e3814000 ConcurrentGCThread "G1 Main Marker" [stack: 0x0000006fec900000,0x0000006feca00000] [id=13652]
  0x00000243e3815800 ConcurrentGCThread "G1 Conc#0" [stack: 0x0000006feca00000,0x0000006fecb00000] [id=16676]
  0x0000024380b49000 ConcurrentGCThread "G1 Conc#1" [stack: 0x0000006feee00000,0x0000006feef00000] [id=4360]
  0x00000243e389a000 ConcurrentGCThread "G1 Refine#0" [stack: 0x0000006fecb00000,0x0000006fecc00000] [id=16820]
  0x00000243809da800 ConcurrentGCThread "G1 Refine#1" [stack: 0x0000006fee600000,0x0000006fee700000] [id=1268]
  0x00000243e389b000 ConcurrentGCThread "G1 Young RemSet Sampling" [stack: 0x0000006fecc00000,0x0000006fecd00000] [id=20024]

Threads with active compile tasks:
C2 CompilerThread0  79273 10721 %     4       com.android.tools.r8.code.x1::a @ 20 (4137 bytes)
C1 CompilerThread0  79273 10892       2       com.android.tools.r8.graph.J::b (41 bytes)
C2 CompilerThread1  79274 10603       4       com.android.tools.r8.graph.l0::b (48 bytes)

VM state:at safepoint (normal execution)

VM Mutex/Monitor currently owned by a thread:  ([mutex/lock_event])
[0x00000243e37c69d0] Threads_lock - owner thread: 0x00000243fe1ee000
[0x00000243e37c7c60] Heap_lock - owner thread: 0x0000024383868000

Heap address: 0x0000000080000000, size: 2048 MB, Compressed Oops mode: 32-bit
Narrow klass base: 0x0000000000000000, Narrow klass shift: 3
Compressed class space size: 1073741824 Address: 0x0000000100000000

Heap:
 garbage-first heap   total 329728K, used 151552K [0x0000000080000000, 0x0000000100000000)
  region size 1024K, 2 young (2048K), 2 survivors (2048K)
 Metaspace       used 91210K, capacity 93346K, committed 93440K, reserved 1130496K
  class space    used 11879K, capacity 12706K, committed 12800K, reserved 1048576K
Heap Regions: E=young(eden), S=young(survivor), O=old, HS=humongous(starts), HC=humongous(continues), CS=collection set, F=free, A=archive, TAMS=top-at-mark-start (previous, next)
|   0|0x0000000080000000, 0x0000000080100000, 0x0000000080100000|100%| O|  |TAMS 0x0000000080100000, 0x0000000080100000| Untracked 
|   1|0x0000000080100000, 0x0000000080200000, 0x0000000080200000|100%| O|  |TAMS 0x0000000080200000, 0x0000000080200000| Untracked 
|   2|0x0000000080200000, 0x0000000080300000, 0x0000000080300000|100%| O|  |TAMS 0x0000000080300000, 0x0000000080300000| Untracked 
|   3|0x0000000080300000, 0x0000000080400000, 0x0000000080400000|100%|HS|  |TAMS 0x0000000080400000, 0x0000000080400000| Complete 
|   4|0x0000000080400000, 0x0000000080500000, 0x0000000080500000|100%|HC|  |TAMS 0x0000000080500000, 0x0000000080500000| Complete 
|   5|0x0000000080500000, 0x0000000080600000, 0x0000000080600000|100%|HC|  |TAMS 0x0000000080600000, 0x0000000080600000| Complete 
|   6|0x0000000080600000, 0x0000000080700000, 0x0000000080700000|100%| O|  |TAMS 0x0000000080700000, 0x0000000080700000| Untracked 
|   7|0x0000000080700000, 0x0000000080800000, 0x0000000080800000|100%| O|  |TAMS 0x0000000080800000, 0x0000000080800000| Untracked 
|   8|0x0000000080800000, 0x0000000080900000, 0x0000000080900000|100%| O|  |TAMS 0x0000000080900000, 0x0000000080900000| Untracked 
|   9|0x0000000080900000, 0x0000000080a00000, 0x0000000080a00000|100%| O|  |TAMS 0x0000000080a00000, 0x0000000080a00000| Untracked 
|  10|0x0000000080a00000, 0x0000000080b00000, 0x0000000080b00000|100%| O|  |TAMS 0x0000000080b00000, 0x0000000080b00000| Untracked 
|  11|0x0000000080b00000, 0x0000000080c00000, 0x0000000080c00000|100%| O|  |TAMS 0x0000000080c00000, 0x0000000080c00000| Untracked 
|  12|0x0000000080c00000, 0x0000000080d00000, 0x0000000080d00000|100%| O|  |TAMS 0x0000000080d00000, 0x0000000080d00000| Untracked 
|  13|0x0000000080d00000, 0x0000000080e00000, 0x0000000080e00000|100%| O|  |TAMS 0x0000000080e00000, 0x0000000080e00000| Untracked 
|  14|0x0000000080e00000, 0x0000000080f00000, 0x0000000080f00000|100%| O|  |TAMS 0x0000000080f00000, 0x0000000080f00000| Untracked 
|  15|0x0000000080f00000, 0x0000000081000000, 0x0000000081000000|100%| O|  |TAMS 0x0000000081000000, 0x0000000081000000| Untracked 
|  16|0x0000000081000000, 0x0000000081100000, 0x0000000081100000|100%|HS|  |TAMS 0x0000000081100000, 0x0000000081100000| Complete 
|  17|0x0000000081100000, 0x0000000081200000, 0x0000000081200000|100%| O|  |TAMS 0x0000000081200000, 0x0000000081200000| Untracked 
|  18|0x0000000081200000, 0x0000000081300000, 0x0000000081300000|100%| O|  |TAMS 0x0000000081300000, 0x0000000081300000| Untracked 
|  19|0x0000000081300000, 0x0000000081400000, 0x0000000081400000|100%| O|  |TAMS 0x0000000081400000, 0x0000000081400000| Untracked 
|  20|0x0000000081400000, 0x0000000081500000, 0x0000000081500000|100%| O|  |TAMS 0x0000000081500000, 0x0000000081500000| Untracked 
|  21|0x0000000081500000, 0x0000000081600000, 0x0000000081600000|100%| O|  |TAMS 0x0000000081600000, 0x0000000081600000| Untracked 
|  22|0x0000000081600000, 0x0000000081700000, 0x0000000081700000|100%| O|  |TAMS 0x0000000081700000, 0x0000000081700000| Untracked 
|  23|0x0000000081700000, 0x0000000081800000, 0x0000000081800000|100%| O|  |TAMS 0x0000000081800000, 0x0000000081800000| Untracked 
|  24|0x0000000081800000, 0x0000000081900000, 0x0000000081900000|100%| O|  |TAMS 0x0000000081900000, 0x0000000081900000| Untracked 
|  25|0x0000000081900000, 0x0000000081a00000, 0x0000000081a00000|100%| O|  |TAMS 0x0000000081a00000, 0x0000000081a00000| Untracked 
|  26|0x0000000081a00000, 0x0000000081b00000, 0x0000000081b00000|100%| O|  |TAMS 0x0000000081b00000, 0x0000000081b00000| Untracked 
|  27|0x0000000081b00000, 0x0000000081c00000, 0x0000000081c00000|100%|HS|  |TAMS 0x0000000081c00000, 0x0000000081c00000| Complete 
|  28|0x0000000081c00000, 0x0000000081d00000, 0x0000000081d00000|100%|HC|  |TAMS 0x0000000081d00000, 0x0000000081d00000| Complete 
|  29|0x0000000081d00000, 0x0000000081e00000, 0x0000000081e00000|100%|HC|  |TAMS 0x0000000081e00000, 0x0000000081e00000| Complete 
|  30|0x0000000081e00000, 0x0000000081f00000, 0x0000000081f00000|100%|HS|  |TAMS 0x0000000081f00000, 0x0000000081f00000| Complete 
|  31|0x0000000081f00000, 0x0000000082000000, 0x0000000082000000|100%|HC|  |TAMS 0x0000000082000000, 0x0000000082000000| Complete 
|  32|0x0000000082000000, 0x0000000082100000, 0x0000000082100000|100%| O|  |TAMS 0x0000000082100000, 0x0000000082100000| Untracked 
|  33|0x0000000082100000, 0x0000000082200000, 0x0000000082200000|100%| O|  |TAMS 0x0000000082200000, 0x0000000082200000| Untracked 
|  34|0x0000000082200000, 0x0000000082300000, 0x0000000082300000|100%| O|  |TAMS 0x0000000082300000, 0x0000000082300000| Untracked 
|  35|0x0000000082300000, 0x0000000082400000, 0x0000000082400000|100%| O|  |TAMS 0x0000000082400000, 0x0000000082400000| Untracked 
|  36|0x0000000082400000, 0x0000000082500000, 0x0000000082500000|100%| O|  |TAMS 0x0000000082500000, 0x0000000082500000| Untracked 
|  37|0x0000000082500000, 0x0000000082600000, 0x0000000082600000|100%| O|  |TAMS 0x0000000082600000, 0x0000000082600000| Untracked 
|  38|0x0000000082600000, 0x0000000082700000, 0x0000000082700000|100%| O|  |TAMS 0x0000000082700000, 0x0000000082700000| Untracked 
|  39|0x0000000082700000, 0x0000000082800000, 0x0000000082800000|100%| O|  |TAMS 0x0000000082800000, 0x0000000082800000| Untracked 
|  40|0x0000000082800000, 0x0000000082900000, 0x0000000082900000|100%| O|  |TAMS 0x0000000082900000, 0x0000000082900000| Untracked 
|  41|0x0000000082900000, 0x0000000082a00000, 0x0000000082a00000|100%| O|  |TAMS 0x0000000082a00000, 0x0000000082a00000| Untracked 
|  42|0x0000000082a00000, 0x0000000082b00000, 0x0000000082b00000|100%| O|  |TAMS 0x0000000082b00000, 0x0000000082b00000| Untracked 
|  43|0x0000000082b00000, 0x0000000082c00000, 0x0000000082c00000|100%| O|  |TAMS 0x0000000082c00000, 0x0000000082c00000| Untracked 
|  44|0x0000000082c00000, 0x0000000082d00000, 0x0000000082d00000|100%| O|  |TAMS 0x0000000082d00000, 0x0000000082d00000| Untracked 
|  45|0x0000000082d00000, 0x0000000082e00000, 0x0000000082e00000|100%| O|  |TAMS 0x0000000082e00000, 0x0000000082e00000| Untracked 
|  46|0x0000000082e00000, 0x0000000082f00000, 0x0000000082f00000|100%| O|  |TAMS 0x0000000082f00000, 0x0000000082f00000| Untracked 
|  47|0x0000000082f00000, 0x0000000083000000, 0x0000000083000000|100%| O|  |TAMS 0x0000000083000000, 0x0000000083000000| Untracked 
|  48|0x0000000083000000, 0x0000000083100000, 0x0000000083100000|100%| O|  |TAMS 0x0000000083100000, 0x0000000083100000| Untracked 
|  49|0x0000000083100000, 0x0000000083200000, 0x0000000083200000|100%| O|  |TAMS 0x0000000083200000, 0x0000000083200000| Untracked 
|  50|0x0000000083200000, 0x0000000083300000, 0x0000000083300000|100%| O|  |TAMS 0x0000000083300000, 0x0000000083300000| Untracked 
|  51|0x0000000083300000, 0x0000000083400000, 0x0000000083400000|100%| O|  |TAMS 0x0000000083400000, 0x0000000083400000| Untracked 
|  52|0x0000000083400000, 0x0000000083500000, 0x0000000083500000|100%| O|  |TAMS 0x0000000083500000, 0x0000000083500000| Untracked 
|  53|0x0000000083500000, 0x0000000083600000, 0x0000000083600000|100%| O|  |TAMS 0x0000000083600000, 0x0000000083600000| Untracked 
|  54|0x0000000083600000, 0x0000000083700000, 0x0000000083700000|100%| O|  |TAMS 0x0000000083700000, 0x0000000083700000| Untracked 
|  55|0x0000000083700000, 0x0000000083800000, 0x0000000083800000|100%| O|  |TAMS 0x0000000083800000, 0x0000000083800000| Untracked 
|  56|0x0000000083800000, 0x0000000083900000, 0x0000000083900000|100%| O|  |TAMS 0x0000000083900000, 0x0000000083900000| Untracked 
|  57|0x0000000083900000, 0x0000000083a00000, 0x0000000083a00000|100%| O|  |TAMS 0x0000000083a00000, 0x0000000083a00000| Untracked 
|  58|0x0000000083a00000, 0x0000000083b00000, 0x0000000083b00000|100%| O|  |TAMS 0x0000000083b00000, 0x0000000083b00000| Untracked 
|  59|0x0000000083b00000, 0x0000000083c00000, 0x0000000083c00000|100%| O|  |TAMS 0x0000000083c00000, 0x0000000083c00000| Untracked 
|  60|0x0000000083c00000, 0x0000000083d00000, 0x0000000083d00000|100%| O|  |TAMS 0x0000000083d00000, 0x0000000083d00000| Untracked 
|  61|0x0000000083d00000, 0x0000000083e00000, 0x0000000083e00000|100%| O|  |TAMS 0x0000000083e00000, 0x0000000083e00000| Untracked 
|  62|0x0000000083e00000, 0x0000000083f00000, 0x0000000083f00000|100%| O|  |TAMS 0x0000000083f00000, 0x0000000083f00000| Untracked 
|  63|0x0000000083f00000, 0x0000000084000000, 0x0000000084000000|100%| O|  |TAMS 0x0000000084000000, 0x0000000084000000| Untracked 
|  64|0x0000000084000000, 0x0000000084100000, 0x0000000084100000|100%| O|  |TAMS 0x0000000084100000, 0x0000000084100000| Untracked 
|  65|0x0000000084100000, 0x0000000084200000, 0x0000000084200000|100%| O|  |TAMS 0x0000000084200000, 0x0000000084200000| Untracked 
|  66|0x0000000084200000, 0x0000000084300000, 0x0000000084300000|100%| O|  |TAMS 0x0000000084300000, 0x0000000084300000| Untracked 
|  67|0x0000000084300000, 0x0000000084400000, 0x0000000084400000|100%| O|  |TAMS 0x0000000084400000, 0x0000000084400000| Untracked 
|  68|0x0000000084400000, 0x0000000084500000, 0x0000000084500000|100%| O|  |TAMS 0x0000000084500000, 0x0000000084500000| Untracked 
|  69|0x0000000084500000, 0x0000000084600000, 0x0000000084600000|100%| O|  |TAMS 0x0000000084600000, 0x0000000084600000| Untracked 
|  70|0x0000000084600000, 0x0000000084700000, 0x0000000084700000|100%|HS|  |TAMS 0x0000000084700000, 0x0000000084700000| Complete 
|  71|0x0000000084700000, 0x0000000084800000, 0x0000000084800000|100%|HC|  |TAMS 0x0000000084800000, 0x0000000084800000| Complete 
|  72|0x0000000084800000, 0x0000000084900000, 0x0000000084900000|100%|HC|  |TAMS 0x0000000084900000, 0x0000000084900000| Complete 
|  73|0x0000000084900000, 0x0000000084a00000, 0x0000000084a00000|100%|HS|  |TAMS 0x0000000084a00000, 0x0000000084a00000| Complete 
|  74|0x0000000084a00000, 0x0000000084b00000, 0x0000000084b00000|100%|HC|  |TAMS 0x0000000084b00000, 0x0000000084b00000| Complete 
|  75|0x0000000084b00000, 0x0000000084c00000, 0x0000000084c00000|100%|HS|  |TAMS 0x0000000084c00000, 0x0000000084c00000| Complete 
|  76|0x0000000084c00000, 0x0000000084d00000, 0x0000000084d00000|100%| O|  |TAMS 0x0000000084d00000, 0x0000000084d00000| Untracked 
|  77|0x0000000084d00000, 0x0000000084e00000, 0x0000000084e00000|100%| O|  |TAMS 0x0000000084e00000, 0x0000000084e00000| Untracked 
|  78|0x0000000084e00000, 0x0000000084f00000, 0x0000000084f00000|100%| O|  |TAMS 0x0000000084f00000, 0x0000000084f00000| Untracked 
|  79|0x0000000084f00000, 0x0000000085000000, 0x0000000085000000|100%| O|  |TAMS 0x0000000085000000, 0x0000000085000000| Untracked 
|  80|0x0000000085000000, 0x0000000085100000, 0x0000000085100000|100%|HS|  |TAMS 0x0000000085100000, 0x0000000085100000| Complete 
|  81|0x0000000085100000, 0x0000000085200000, 0x0000000085200000|100%| O|  |TAMS 0x0000000085200000, 0x0000000085200000| Untracked 
|  82|0x0000000085200000, 0x0000000085300000, 0x0000000085300000|100%| O|  |TAMS 0x0000000085300000, 0x0000000085300000| Untracked 
|  83|0x0000000085300000, 0x0000000085400000, 0x0000000085400000|100%| O|  |TAMS 0x0000000085400000, 0x0000000085400000| Untracked 
|  84|0x0000000085400000, 0x0000000085500000, 0x0000000085500000|100%| O|  |TAMS 0x0000000085500000, 0x0000000085500000| Untracked 
|  85|0x0000000085500000, 0x0000000085600000, 0x0000000085600000|100%| O|  |TAMS 0x0000000085600000, 0x0000000085600000| Untracked 
|  86|0x0000000085600000, 0x0000000085700000, 0x0000000085700000|100%|HS|  |TAMS 0x0000000085700000, 0x0000000085700000| Complete 
|  87|0x0000000085700000, 0x0000000085800000, 0x0000000085800000|100%|HC|  |TAMS 0x0000000085800000, 0x0000000085800000| Complete 
|  88|0x0000000085800000, 0x0000000085900000, 0x0000000085900000|100%|HC|  |TAMS 0x0000000085900000, 0x0000000085900000| Complete 
|  89|0x0000000085900000, 0x0000000085a00000, 0x0000000085a00000|100%| O|  |TAMS 0x0000000085a00000, 0x0000000085a00000| Untracked 
|  90|0x0000000085a00000, 0x0000000085b00000, 0x0000000085b00000|100%| O|  |TAMS 0x0000000085b00000, 0x0000000085b00000| Untracked 
|  91|0x0000000085b00000, 0x0000000085c00000, 0x0000000085c00000|100%|HS|  |TAMS 0x0000000085c00000, 0x0000000085c00000| Complete 
|  92|0x0000000085c00000, 0x0000000085d00000, 0x0000000085d00000|100%|HC|  |TAMS 0x0000000085d00000, 0x0000000085d00000| Complete 
|  93|0x0000000085d00000, 0x0000000085e00000, 0x0000000085e00000|100%| O|  |TAMS 0x0000000085e00000, 0x0000000085e00000| Untracked 
|  94|0x0000000085e00000, 0x0000000085f00000, 0x0000000085f00000|100%|HS|  |TAMS 0x0000000085f00000, 0x0000000085f00000| Complete 
|  95|0x0000000085f00000, 0x0000000086000000, 0x0000000086000000|100%| O|  |TAMS 0x0000000086000000, 0x0000000086000000| Untracked 
|  96|0x0000000086000000, 0x0000000086100000, 0x0000000086100000|100%|HS|  |TAMS 0x0000000086100000, 0x0000000086100000| Complete 
|  97|0x0000000086100000, 0x0000000086200000, 0x0000000086200000|100%| O|  |TAMS 0x0000000086200000, 0x0000000086200000| Untracked 
|  98|0x0000000086200000, 0x0000000086300000, 0x0000000086300000|100%| O|  |TAMS 0x0000000086300000, 0x0000000086300000| Untracked 
|  99|0x0000000086300000, 0x0000000086400000, 0x0000000086400000|100%| O|  |TAMS 0x0000000086400000, 0x0000000086400000| Untracked 
| 100|0x0000000086400000, 0x0000000086500000, 0x0000000086500000|100%| O|  |TAMS 0x0000000086500000, 0x0000000086500000| Untracked 
| 101|0x0000000086500000, 0x0000000086600000, 0x0000000086600000|100%| O|  |TAMS 0x0000000086600000, 0x0000000086600000| Untracked 
| 102|0x0000000086600000, 0x0000000086700000, 0x0000000086700000|100%| O|  |TAMS 0x0000000086700000, 0x0000000086700000| Untracked 
| 103|0x0000000086700000, 0x0000000086800000, 0x0000000086800000|100%| O|  |TAMS 0x0000000086800000, 0x0000000086800000| Untracked 
| 104|0x0000000086800000, 0x0000000086900000, 0x0000000086900000|100%| O|  |TAMS 0x0000000086900000, 0x0000000086900000| Untracked 
| 105|0x0000000086900000, 0x0000000086a00000, 0x0000000086a00000|100%| O|  |TAMS 0x0000000086a00000, 0x0000000086a00000| Untracked 
| 106|0x0000000086a00000, 0x0000000086b00000, 0x0000000086b00000|100%| O|  |TAMS 0x0000000086b00000, 0x0000000086b00000| Untracked 
| 107|0x0000000086b00000, 0x0000000086c00000, 0x0000000086c00000|100%|HS|  |TAMS 0x0000000086c00000, 0x0000000086c00000| Complete 
| 108|0x0000000086c00000, 0x0000000086d00000, 0x0000000086d00000|100%| O|  |TAMS 0x0000000086d00000, 0x0000000086d00000| Untracked 
| 109|0x0000000086d00000, 0x0000000086e00000, 0x0000000086e00000|100%| O|  |TAMS 0x0000000086e00000, 0x0000000086e00000| Untracked 
| 110|0x0000000086e00000, 0x0000000086f00000, 0x0000000086f00000|100%| O|  |TAMS 0x0000000086f00000, 0x0000000086f00000| Untracked 
| 111|0x0000000086f00000, 0x0000000087000000, 0x0000000087000000|100%| O|  |TAMS 0x0000000087000000, 0x0000000087000000| Untracked 
| 112|0x0000000087000000, 0x0000000087100000, 0x0000000087100000|100%| O|  |TAMS 0x0000000087100000, 0x0000000087100000| Untracked 
| 113|0x0000000087100000, 0x0000000087200000, 0x0000000087200000|100%| O|  |TAMS 0x0000000087200000, 0x0000000087200000| Untracked 
| 114|0x0000000087200000, 0x0000000087300000, 0x0000000087300000|100%| O|  |TAMS 0x0000000087300000, 0x0000000087300000| Untracked 
| 115|0x0000000087300000, 0x0000000087400000, 0x0000000087400000|100%| O|  |TAMS 0x0000000087400000, 0x0000000087400000| Untracked 
| 116|0x0000000087400000, 0x0000000087500000, 0x0000000087500000|100%| O|  |TAMS 0x0000000087500000, 0x0000000087500000| Untracked 
| 117|0x0000000087500000, 0x0000000087600000, 0x0000000087600000|100%| O|  |TAMS 0x0000000087600000, 0x0000000087600000| Untracked 
| 118|0x0000000087600000, 0x0000000087700000, 0x0000000087700000|100%| O|  |TAMS 0x0000000087700000, 0x0000000087700000| Untracked 
| 119|0x0000000087700000, 0x0000000087800000, 0x0000000087800000|100%| O|  |TAMS 0x000000008776be00, 0x0000000087800000| Untracked 
| 120|0x0000000087800000, 0x0000000087900000, 0x0000000087900000|100%| O|  |TAMS 0x0000000087800000, 0x0000000087900000| Untracked 
| 121|0x0000000087900000, 0x0000000087a00000, 0x0000000087a00000|100%| O|  |TAMS 0x0000000087900000, 0x0000000087a00000| Untracked 
| 122|0x0000000087a00000, 0x0000000087b00000, 0x0000000087b00000|100%| O|  |TAMS 0x0000000087a00000, 0x0000000087b00000| Untracked 
| 123|0x0000000087b00000, 0x0000000087c00000, 0x0000000087c00000|100%| O|  |TAMS 0x0000000087b00000, 0x0000000087c00000| Untracked 
| 124|0x0000000087c00000, 0x0000000087d00000, 0x0000000087d00000|100%| O|  |TAMS 0x0000000087c00000, 0x0000000087d00000| Untracked 
| 125|0x0000000087d00000, 0x0000000087e00000, 0x0000000087e00000|100%| O|  |TAMS 0x0000000087d00000, 0x0000000087e00000| Untracked 
| 126|0x0000000087e00000, 0x0000000087f00000, 0x0000000087f00000|100%| O|  |TAMS 0x0000000087e00000, 0x0000000087f00000| Untracked 
| 127|0x0000000087f00000, 0x0000000088000000, 0x0000000088000000|100%| O|  |TAMS 0x0000000087f00000, 0x0000000088000000| Untracked 
| 128|0x0000000088000000, 0x0000000088100000, 0x0000000088100000|100%| O|  |TAMS 0x0000000088000000, 0x0000000088100000| Untracked 
| 129|0x0000000088100000, 0x0000000088200000, 0x0000000088200000|100%| O|  |TAMS 0x0000000088100000, 0x0000000088200000| Untracked 
| 130|0x0000000088200000, 0x0000000088300000, 0x0000000088300000|100%| O|  |TAMS 0x0000000088200000, 0x0000000088300000| Untracked 
| 131|0x0000000088300000, 0x0000000088400000, 0x0000000088400000|100%| O|  |TAMS 0x0000000088300000, 0x0000000088400000| Untracked 
| 132|0x0000000088400000, 0x0000000088500000, 0x0000000088500000|100%| O|  |TAMS 0x0000000088400000, 0x0000000088500000| Untracked 
| 133|0x0000000088500000, 0x0000000088600000, 0x0000000088600000|100%| O|  |TAMS 0x0000000088500000, 0x0000000088600000| Untracked 
| 134|0x0000000088600000, 0x0000000088700000, 0x0000000088700000|100%| O|  |TAMS 0x0000000088600000, 0x0000000088700000| Untracked 
| 135|0x0000000088700000, 0x0000000088800000, 0x0000000088800000|100%| O|  |TAMS 0x0000000088700000, 0x0000000088800000| Untracked 
| 136|0x0000000088800000, 0x0000000088900000, 0x0000000088900000|100%| O|  |TAMS 0x0000000088800000, 0x0000000088900000| Untracked 
| 137|0x0000000088900000, 0x0000000088a00000, 0x0000000088a00000|100%| O|  |TAMS 0x0000000088900000, 0x0000000088a00000| Untracked 
| 138|0x0000000088a00000, 0x0000000088b00000, 0x0000000088b00000|100%| O|  |TAMS 0x0000000088a00000, 0x0000000088b00000| Untracked 
| 139|0x0000000088b00000, 0x0000000088c00000, 0x0000000088c00000|100%| O|  |TAMS 0x0000000088b00000, 0x0000000088c00000| Untracked 
| 140|0x0000000088c00000, 0x0000000088d00000, 0x0000000088d00000|100%| O|  |TAMS 0x0000000088c00000, 0x0000000088d00000| Untracked 
| 141|0x0000000088d00000, 0x0000000088e00000, 0x0000000088e00000|100%| O|  |TAMS 0x0000000088d00000, 0x0000000088e00000| Untracked 
| 142|0x0000000088e00000, 0x0000000088f00000, 0x0000000088f00000|100%| O|  |TAMS 0x0000000088e00000, 0x0000000088f00000| Untracked 
| 143|0x0000000088f00000, 0x0000000089000000, 0x0000000089000000|100%| O|  |TAMS 0x0000000088f00000, 0x0000000089000000| Untracked 
| 144|0x0000000089000000, 0x0000000089100000, 0x0000000089100000|100%| O|  |TAMS 0x0000000089000000, 0x0000000089100000| Untracked 
| 145|0x0000000089100000, 0x0000000089200000, 0x0000000089200000|100%| O|  |TAMS 0x0000000089100000, 0x0000000089200000| Untracked 
| 146|0x0000000089200000, 0x0000000089200000, 0x0000000089300000|  0%| F|  |TAMS 0x0000000089200000, 0x0000000089200000| Untracked 
| 147|0x0000000089300000, 0x0000000089300000, 0x0000000089400000|  0%| F|  |TAMS 0x0000000089300000, 0x0000000089300000| Untracked 
| 148|0x0000000089400000, 0x0000000089400000, 0x0000000089500000|  0%| F|  |TAMS 0x0000000089400000, 0x0000000089400000| Untracked 
| 149|0x0000000089500000, 0x0000000089500000, 0x0000000089600000|  0%| F|  |TAMS 0x0000000089500000, 0x0000000089500000| Untracked 
| 150|0x0000000089600000, 0x0000000089600000, 0x0000000089700000|  0%| F|  |TAMS 0x0000000089600000, 0x0000000089600000| Untracked 
| 151|0x0000000089700000, 0x0000000089700000, 0x0000000089800000|  0%| F|  |TAMS 0x0000000089700000, 0x0000000089700000| Untracked 
| 152|0x0000000089800000, 0x0000000089800000, 0x0000000089900000|  0%| F|  |TAMS 0x0000000089800000, 0x0000000089800000| Untracked 
| 153|0x0000000089900000, 0x0000000089900000, 0x0000000089a00000|  0%| F|  |TAMS 0x0000000089900000, 0x0000000089900000| Untracked 
| 154|0x0000000089a00000, 0x0000000089a00000, 0x0000000089b00000|  0%| F|  |TAMS 0x0000000089a00000, 0x0000000089a00000| Untracked 
| 155|0x0000000089b00000, 0x0000000089b00000, 0x0000000089c00000|  0%| F|  |TAMS 0x0000000089b00000, 0x0000000089b00000| Untracked 
| 156|0x0000000089c00000, 0x0000000089c00000, 0x0000000089d00000|  0%| F|  |TAMS 0x0000000089c00000, 0x0000000089c00000| Untracked 
| 157|0x0000000089d00000, 0x0000000089d00000, 0x0000000089e00000|  0%| F|  |TAMS 0x0000000089d00000, 0x0000000089d00000| Untracked 
| 158|0x0000000089e00000, 0x0000000089e00000, 0x0000000089f00000|  0%| F|  |TAMS 0x0000000089e00000, 0x0000000089e00000| Untracked 
| 159|0x0000000089f00000, 0x0000000089f00000, 0x000000008a000000|  0%| F|  |TAMS 0x0000000089f00000, 0x0000000089f00000| Untracked 
| 160|0x000000008a000000, 0x000000008a000000, 0x000000008a100000|  0%| F|  |TAMS 0x000000008a000000, 0x000000008a000000| Untracked 
| 161|0x000000008a100000, 0x000000008a100000, 0x000000008a200000|  0%| F|  |TAMS 0x000000008a100000, 0x000000008a100000| Untracked 
| 162|0x000000008a200000, 0x000000008a200000, 0x000000008a300000|  0%| F|  |TAMS 0x000000008a200000, 0x000000008a200000| Untracked 
| 163|0x000000008a300000, 0x000000008a300000, 0x000000008a400000|  0%| F|  |TAMS 0x000000008a300000, 0x000000008a300000| Untracked 
| 164|0x000000008a400000, 0x000000008a400000, 0x000000008a500000|  0%| F|  |TAMS 0x000000008a400000, 0x000000008a400000| Untracked 
| 165|0x000000008a500000, 0x000000008a500000, 0x000000008a600000|  0%| F|  |TAMS 0x000000008a500000, 0x000000008a500000| Untracked 
| 166|0x000000008a600000, 0x000000008a600000, 0x000000008a700000|  0%| F|  |TAMS 0x000000008a600000, 0x000000008a600000| Untracked 
| 167|0x000000008a700000, 0x000000008a700000, 0x000000008a800000|  0%| F|  |TAMS 0x000000008a700000, 0x000000008a700000| Untracked 
| 168|0x000000008a800000, 0x000000008a800000, 0x000000008a900000|  0%| F|  |TAMS 0x000000008a800000, 0x000000008a800000| Untracked 
| 169|0x000000008a900000, 0x000000008a900000, 0x000000008aa00000|  0%| F|  |TAMS 0x000000008a900000, 0x000000008a900000| Untracked 
| 170|0x000000008aa00000, 0x000000008aa00000, 0x000000008ab00000|  0%| F|  |TAMS 0x000000008aa00000, 0x000000008aa00000| Untracked 
| 171|0x000000008ab00000, 0x000000008ab00000, 0x000000008ac00000|  0%| F|  |TAMS 0x000000008ab00000, 0x000000008ab00000| Untracked 
| 172|0x000000008ac00000, 0x000000008ac00000, 0x000000008ad00000|  0%| F|  |TAMS 0x000000008ac00000, 0x000000008ac00000| Untracked 
| 173|0x000000008ad00000, 0x000000008ad00000, 0x000000008ae00000|  0%| F|  |TAMS 0x000000008ad00000, 0x000000008ad00000| Untracked 
| 174|0x000000008ae00000, 0x000000008ae00000, 0x000000008af00000|  0%| F|  |TAMS 0x000000008ae00000, 0x000000008ae00000| Untracked 
| 175|0x000000008af00000, 0x000000008af00000, 0x000000008b000000|  0%| F|  |TAMS 0x000000008af00000, 0x000000008af00000| Untracked 
| 176|0x000000008b000000, 0x000000008b000000, 0x000000008b100000|  0%| F|  |TAMS 0x000000008b000000, 0x000000008b000000| Untracked 
| 177|0x000000008b100000, 0x000000008b100000, 0x000000008b200000|  0%| F|  |TAMS 0x000000008b100000, 0x000000008b100000| Untracked 
| 178|0x000000008b200000, 0x000000008b200000, 0x000000008b300000|  0%| F|  |TAMS 0x000000008b200000, 0x000000008b200000| Untracked 
| 179|0x000000008b300000, 0x000000008b400000, 0x000000008b400000|100%| S|CS|TAMS 0x000000008b300000, 0x000000008b300000| Complete 
| 180|0x000000008b400000, 0x000000008b500000, 0x000000008b500000|100%| S|CS|TAMS 0x000000008b400000, 0x000000008b400000| Complete 
| 181|0x000000008b500000, 0x000000008b500000, 0x000000008b600000|  0%| F|  |TAMS 0x000000008b500000, 0x000000008b500000| Untracked 
| 182|0x000000008b600000, 0x000000008b600000, 0x000000008b700000|  0%| F|  |TAMS 0x000000008b600000, 0x000000008b600000| Untracked 
| 183|0x000000008b700000, 0x000000008b700000, 0x000000008b800000|  0%| F|  |TAMS 0x000000008b700000, 0x000000008b700000| Untracked 
| 184|0x000000008b800000, 0x000000008b800000, 0x000000008b900000|  0%| F|  |TAMS 0x000000008b800000, 0x000000008b800000| Untracked 
| 185|0x000000008b900000, 0x000000008b900000, 0x000000008ba00000|  0%| F|  |TAMS 0x000000008b900000, 0x000000008b900000| Untracked 
| 186|0x000000008ba00000, 0x000000008ba00000, 0x000000008bb00000|  0%| F|  |TAMS 0x000000008ba00000, 0x000000008ba00000| Untracked 
| 187|0x000000008bb00000, 0x000000008bb00000, 0x000000008bc00000|  0%| F|  |TAMS 0x000000008bb00000, 0x000000008bb00000| Untracked 
| 188|0x000000008bc00000, 0x000000008bc00000, 0x000000008bd00000|  0%| F|  |TAMS 0x000000008bc00000, 0x000000008bc00000| Untracked 
| 189|0x000000008bd00000, 0x000000008bd00000, 0x000000008be00000|  0%| F|  |TAMS 0x000000008bd00000, 0x000000008bd00000| Untracked 
| 190|0x000000008be00000, 0x000000008be00000, 0x000000008bf00000|  0%| F|  |TAMS 0x000000008be00000, 0x000000008be00000| Untracked 
| 191|0x000000008bf00000, 0x000000008bf00000, 0x000000008c000000|  0%| F|  |TAMS 0x000000008bf00000, 0x000000008bf00000| Untracked 
| 192|0x000000008c000000, 0x000000008c000000, 0x000000008c100000|  0%| F|  |TAMS 0x000000008c000000, 0x000000008c000000| Untracked 

Card table byte_map: [0x00000243f6fd0000,0x00000243f73d0000] _byte_map_base: 0x00000243f6bd0000

Marking Bits (Prev, Next): (CMBitMap*) 0x00000243e380b2d8, (CMBitMap*) 0x00000243e380b310
 Prev Bits: [0x00000243f77d0000, 0x00000243f97d0000)
 Next Bits: [0x00000243f97d0000, 0x00000243fb7d0000)

Polling page: 0x00000243e1df0000

Metaspace:

Usage:
  Non-class:     78.75 MB capacity,    77.47 MB ( 98%) used,     1.05 MB (  1%) free+waste,   233.81 KB ( <1%) overhead. 
      Class:     12.41 MB capacity,    11.60 MB ( 93%) used,   720.20 KB (  6%) free+waste,   106.06 KB ( <1%) overhead. 
       Both:     91.16 MB capacity,    89.07 MB ( 98%) used,     1.75 MB (  2%) free+waste,   339.88 KB ( <1%) overhead. 

Virtual space:
  Non-class space:       80.00 MB reserved,      78.75 MB ( 98%) committed 
      Class space:        1.00 GB reserved,      12.50 MB (  1%) committed 
             Both:        1.08 GB reserved,      91.25 MB (  8%) committed 

Chunk freelists:
   Non-Class:  0 bytes
       Class:  30.00 KB
        Both:  30.00 KB

MaxMetaspaceSize: 17179869184.00 GB
CompressedClassSpaceSize: 1.00 GB

CodeHeap 'non-profiled nmethods': size=120000Kb used=6626Kb max_used=6626Kb free=113373Kb
 bounds [0x00000243eec20000, 0x00000243ef2a0000, 0x00000243f6150000]
CodeHeap 'profiled nmethods': size=120000Kb used=24000Kb max_used=24000Kb free=95999Kb
 bounds [0x00000243e76f0000, 0x00000243e8e70000, 0x00000243eec20000]
CodeHeap 'non-nmethods': size=5760Kb used=2268Kb max_used=2318Kb free=3491Kb
 bounds [0x00000243e7150000, 0x00000243e73c0000, 0x00000243e76f0000]
 total_blobs=11414 nmethods=10549 adapters=776
 compilation: enabled
              stopped_count=0, restarted_count=0
 full_count=0

Compilation events (20 events):
Event: 79.182 Thread 0x00000243fe24b800 nmethod 10879 0x00000243e8e60a10 code [0x00000243e8e60bc0, 0x00000243e8e60d08]
Event: 79.182 Thread 0x00000243fe24b800 10882       2       com.android.tools.r8.s.a.a.b.C0::<init> (15 bytes)
Event: 79.183 Thread 0x00000243fe24b800 nmethod 10882 0x00000243e8e60e10 code [0x00000243e8e60fc0, 0x00000243e8e611d8]
Event: 79.183 Thread 0x00000243fe24b800 10877       2       com.android.tools.r8.s.a.a.b.w::b (20 bytes)
Event: 79.183 Thread 0x00000243fe24b800 nmethod 10877 0x00000243e8e61290 code [0x00000243e8e61440, 0x00000243e8e616d8]
Event: 79.183 Thread 0x00000243fe24b800 10904       2       com.android.tools.r8.graph.s1::d (97 bytes)
Event: 79.184 Thread 0x00000243fe24b800 nmethod 10904 0x00000243e8e61810 code [0x00000243e8e61a00, 0x00000243e8e61d98]
Event: 79.184 Thread 0x00000243fe24b800 10878       2       com.android.tools.r8.s.a.a.b.C0::iterator (35 bytes)
Event: 79.184 Thread 0x00000243fe24b800 nmethod 10878 0x00000243e8e61f90 code [0x00000243e8e62160, 0x00000243e8e62448]
Event: 79.184 Thread 0x00000243fe24b800 10881       2       com.android.tools.r8.s.a.a.b.c::<init> (12 bytes)
Event: 79.185 Thread 0x00000243fe24b800 nmethod 10881 0x00000243e8e62590 code [0x00000243e8e62740, 0x00000243e8e62898]
Event: 79.185 Thread 0x00000243fe24b800 10880       2       com.android.tools.r8.s.a.a.b.H0::<init> (15 bytes)
Event: 79.185 Thread 0x00000243fe24b800 nmethod 10880 0x00000243e8e62910 code [0x00000243e8e62ac0, 0x00000243e8e62cd8]
Event: 79.185 Thread 0x00000243fe24b800 10887       2       com.android.tools.r8.graph.u1$$Lambda$794/0x0000000100bdd840::<init> (15 bytes)
Event: 79.185 Thread 0x00000243fe24b800 nmethod 10887 0x00000243e8e62d90 code [0x00000243e8e62f40, 0x00000243e8e630d8]
Event: 79.185 Thread 0x00000243fe24b800 10888       2       com.android.tools.r8.graph.u1$$Lambda$794/0x0000000100bdd840::get$Lambda (10 bytes)
Event: 79.185 Thread 0x00000243fe24b800 nmethod 10888 0x00000243e8e63190 code [0x00000243e8e63340, 0x00000243e8e63538]
Event: 79.185 Thread 0x00000243fe24b800 10889       2       com.android.tools.r8.graph.u1::a (13 bytes)
Event: 79.186 Thread 0x00000243fe24b800 nmethod 10889 0x00000243e8e63610 code [0x00000243e8e637e0, 0x00000243e8e63a28]
Event: 79.186 Thread 0x00000243fe24b800 10892       2       com.android.tools.r8.graph.J::b (41 bytes)

GC Heap History (20 events):
Event: 73.698 GC heap after
{Heap after GC invocations=60 (full 0):
 garbage-first heap   total 118784K, used 86216K [0x0000000080000000, 0x0000000100000000)
  region size 1024K, 2 young (2048K), 2 survivors (2048K)
 Metaspace       used 87165K, capacity 89160K, committed 89344K, reserved 1126400K
  class space    used 11245K, capacity 12008K, committed 12032K, reserved 1048576K
}
Event: 73.951 GC heap before
{Heap before GC invocations=61 (full 0):
 garbage-first heap   total 118784K, used 107720K [0x0000000080000000, 0x0000000100000000)
  region size 1024K, 10 young (10240K), 2 survivors (2048K)
 Metaspace       used 87505K, capacity 89551K, committed 89728K, reserved 1126400K
  class space    used 11295K, capacity 12074K, committed 12160K, reserved 1048576K
}
Event: 73.956 GC heap after
{Heap after GC invocations=62 (full 0):
 garbage-first heap   total 118784K, used 97009K [0x0000000080000000, 0x0000000100000000)
  region size 1024K, 2 young (2048K), 2 survivors (2048K)
 Metaspace       used 87505K, capacity 89551K, committed 89728K, reserved 1126400K
  class space    used 11295K, capacity 12074K, committed 12160K, reserved 1048576K
}
Event: 73.984 GC heap before
{Heap before GC invocations=62 (full 0):
 garbage-first heap   total 118784K, used 100081K [0x0000000080000000, 0x0000000100000000)
  region size 1024K, 6 young (6144K), 2 survivors (2048K)
 Metaspace       used 87505K, capacity 89551K, committed 89728K, reserved 1126400K
  class space    used 11295K, capacity 12074K, committed 12160K, reserved 1048576K
}
Event: 73.989 GC heap after
{Heap after GC invocations=63 (full 0):
 garbage-first heap   total 143360K, used 98554K [0x0000000080000000, 0x0000000100000000)
  region size 1024K, 1 young (1024K), 1 survivors (1024K)
 Metaspace       used 87505K, capacity 89551K, committed 89728K, reserved 1126400K
  class space    used 11295K, capacity 12074K, committed 12160K, reserved 1048576K
}
Event: 74.738 GC heap before
{Heap before GC invocations=64 (full 0):
 garbage-first heap   total 143360K, used 110842K [0x0000000080000000, 0x0000000100000000)
  region size 1024K, 13 young (13312K), 1 survivors (1024K)
 Metaspace       used 87592K, capacity 89630K, committed 89728K, reserved 1126400K
  class space    used 11304K, capacity 12079K, committed 12160K, reserved 1048576K
}
Event: 74.752 GC heap after
{Heap after GC invocations=65 (full 0):
 garbage-first heap   total 143360K, used 103962K [0x0000000080000000, 0x0000000100000000)
  region size 1024K, 2 young (2048K), 2 survivors (2048K)
 Metaspace       used 87592K, capacity 89630K, committed 89728K, reserved 1126400K
  class space    used 11304K, capacity 12079K, committed 12160K, reserved 1048576K
}
Event: 75.260 GC heap before
{Heap before GC invocations=65 (full 0):
 garbage-first heap   total 143360K, used 113178K [0x0000000080000000, 0x0000000100000000)
  region size 1024K, 12 young (12288K), 2 survivors (2048K)
 Metaspace       used 87593K, capacity 89630K, committed 89728K, reserved 1126400K
  class space    used 11304K, capacity 12079K, committed 12160K, reserved 1048576K
}
Event: 75.272 GC heap after
{Heap after GC invocations=66 (full 0):
 garbage-first heap   total 143360K, used 108394K [0x0000000080000000, 0x0000000100000000)
  region size 1024K, 2 young (2048K), 2 survivors (2048K)
 Metaspace       used 87593K, capacity 89630K, committed 89728K, reserved 1126400K
  class space    used 11304K, capacity 12079K, committed 12160K, reserved 1048576K
}
Event: 75.792 GC heap before
{Heap before GC invocations=67 (full 0):
 garbage-first heap   total 143360K, used 111466K [0x0000000080000000, 0x0000000100000000)
  region size 1024K, 6 young (6144K), 2 survivors (2048K)
 Metaspace       used 87593K, capacity 89630K, committed 89728K, reserved 1126400K
  class space    used 11304K, capacity 12079K, committed 12160K, reserved 1048576K
}
Event: 75.802 GC heap after
{Heap after GC invocations=68 (full 0):
 garbage-first heap   total 143360K, used 110308K [0x0000000080000000, 0x0000000100000000)
  region size 1024K, 2 young (2048K), 2 survivors (2048K)
 Metaspace       used 87593K, capacity 89630K, committed 89728K, reserved 1126400K
  class space    used 11304K, capacity 12079K, committed 12160K, reserved 1048576K
}
Event: 77.137 GC heap before
{Heap before GC invocations=69 (full 0):
 garbage-first heap   total 143360K, used 117476K [0x0000000080000000, 0x0000000100000000)
  region size 1024K, 9 young (9216K), 2 survivors (2048K)
 Metaspace       used 89045K, capacity 91088K, committed 91264K, reserved 1128448K
  class space    used 11626K, capacity 12396K, committed 12416K, reserved 1048576K
}
Event: 77.202 GC heap after
{Heap after GC invocations=70 (full 0):
 garbage-first heap   total 197632K, used 112915K [0x0000000080000000, 0x0000000100000000)
  region size 1024K, 2 young (2048K), 2 survivors (2048K)
 Metaspace       used 89045K, capacity 91088K, committed 91264K, reserved 1128448K
  class space    used 11626K, capacity 12396K, committed 12416K, reserved 1048576K
}
Event: 77.639 GC heap before
{Heap before GC invocations=70 (full 0):
 garbage-first heap   total 197632K, used 137491K [0x0000000080000000, 0x0000000100000000)
  region size 1024K, 26 young (26624K), 2 survivors (2048K)
 Metaspace       used 89544K, capacity 91680K, committed 91904K, reserved 1128448K
  class space    used 11659K, capacity 12439K, committed 12544K, reserved 1048576K
}
Event: 77.658 GC heap after
{Heap after GC invocations=71 (full 0):
 garbage-first heap   total 197632K, used 126383K [0x0000000080000000, 0x0000000100000000)
  region size 1024K, 4 young (4096K), 4 survivors (4096K)
 Metaspace       used 89544K, capacity 91680K, committed 91904K, reserved 1128448K
  class space    used 11659K, capacity 12439K, committed 12544K, reserved 1048576K
}
Event: 77.838 GC heap before
{Heap before GC invocations=71 (full 0):
 garbage-first heap   total 197632K, used 145839K [0x0000000080000000, 0x0000000100000000)
  region size 1024K, 23 young (23552K), 4 survivors (4096K)
 Metaspace       used 89560K, capacity 91683K, committed 91904K, reserved 1128448K
  class space    used 11659K, capacity 12439K, committed 12544K, reserved 1048576K
}
Event: 77.863 GC heap after
{Heap after GC invocations=72 (full 0):
 garbage-first heap   total 197632K, used 137823K [0x0000000080000000, 0x0000000100000000)
  region size 1024K, 3 young (3072K), 3 survivors (3072K)
 Metaspace       used 89560K, capacity 91683K, committed 91904K, reserved 1128448K
  class space    used 11659K, capacity 12439K, committed 12544K, reserved 1048576K
}
Event: 78.150 GC heap before
{Heap before GC invocations=73 (full 0):
 garbage-first heap   total 197632K, used 152159K [0x0000000080000000, 0x0000000100000000)
  region size 1024K, 18 young (18432K), 3 survivors (3072K)
 Metaspace       used 89591K, capacity 91683K, committed 91904K, reserved 1128448K
  class space    used 11659K, capacity 12439K, committed 12544K, reserved 1048576K
}
Event: 78.167 GC heap after
{Heap after GC invocations=74 (full 0):
 garbage-first heap   total 197632K, used 147456K [0x0000000080000000, 0x0000000100000000)
  region size 1024K, 3 young (3072K), 3 survivors (3072K)
 Metaspace       used 89591K, capacity 91683K, committed 91904K, reserved 1128448K
  class space    used 11659K, capacity 12439K, committed 12544K, reserved 1048576K
}
Event: 79.188 GC heap before
{Heap before GC invocations=74 (full 0):
 garbage-first heap   total 197632K, used 159744K [0x0000000080000000, 0x0000000100000000)
  region size 1024K, 15 young (15360K), 3 survivors (3072K)
 Metaspace       used 91210K, capacity 93346K, committed 93440K, reserved 1130496K
  class space    used 11879K, capacity 12706K, committed 12800K, reserved 1048576K
}

Deoptimization events (20 events):
Event: 77.132 Thread 0x0000024383864800 Uncommon trap: reason=unstable_if action=reinterpret pc=0x00000243ef229328 method=com.android.tools.r8.graph.l0.c(Ljava/lang/Object;)Z @ 37 c2
Event: 77.132 Thread 0x0000024383864800 DEOPT PACKING pc=0x00000243ef229328 sp=0x0000006ff88fec90
Event: 77.132 Thread 0x0000024383864800 DEOPT UNPACKING pc=0x00000243e71774af sp=0x0000006ff88fec30 mode 2
Event: 77.132 Thread 0x0000024383868000 Uncommon trap: reason=unstable_if action=reinterpret pc=0x00000243ef229328 method=com.android.tools.r8.graph.l0.c(Ljava/lang/Object;)Z @ 37 c2
Event: 77.136 Thread 0x0000024383868000 DEOPT PACKING pc=0x00000243ef229328 sp=0x0000006ff82fe7d0
Event: 77.136 Thread 0x0000024383868000 DEOPT UNPACKING pc=0x00000243e71774af sp=0x0000006ff82fe770 mode 2
Event: 77.898 Thread 0x0000024383865800 Uncommon trap: trap_request=0xffffff4d fr.pc=0x00000243ef268054 relative=0x0000000000008d14
Event: 77.898 Thread 0x0000024383865800 Uncommon trap: reason=unstable_if action=reinterpret pc=0x00000243ef268054 method=com.android.tools.r8.code.x1.a(Ljava/nio/ShortBuffer;IILcom/android/tools/r8/graph/D1;)[Lcom/android/tools/r8/code/w1; @ 301 c2
Event: 77.898 Thread 0x0000024383865800 DEOPT PACKING pc=0x00000243ef268054 sp=0x0000006ff89fe620
Event: 77.898 Thread 0x0000024383865800 DEOPT UNPACKING pc=0x00000243e71774af sp=0x0000006ff89fe608 mode 2
Event: 78.100 Thread 0x0000024383865800 DEOPT PACKING pc=0x00000243e8e1ba9d sp=0x0000006ff89fdeb0
Event: 78.100 Thread 0x0000024383865800 DEOPT UNPACKING pc=0x00000243e71772ce sp=0x0000006ff89fdb00 mode 0
Event: 78.144 Thread 0x0000024383865800 DEOPT PACKING pc=0x00000243e8e1ba9d sp=0x0000006ff89fdeb0
Event: 78.144 Thread 0x0000024383865800 DEOPT UNPACKING pc=0x00000243e71772ce sp=0x0000006ff89fdb00 mode 0
Event: 78.305 Thread 0x0000024383865800 DEOPT PACKING pc=0x00000243e8e1ba9d sp=0x0000006ff89fdeb0
Event: 78.305 Thread 0x0000024383865800 DEOPT UNPACKING pc=0x00000243e71772ce sp=0x0000006ff89fdb00 mode 0
Event: 79.123 Thread 0x00000243872cc800 Uncommon trap: trap_request=0xffffff5c fr.pc=0x00000243eee7f17c relative=0x000000000000141c
Event: 79.123 Thread 0x00000243872cc800 Uncommon trap: reason=speculate_null_assert action=make_not_entrant pc=0x00000243eee7f17c method=java.lang.invoke.MethodType$ConcurrentWeakInternSet.add(Ljava/lang/Object;)Ljava/lang/Object; @ 47 c2
Event: 79.123 Thread 0x00000243872cc800 DEOPT PACKING pc=0x00000243eee7f17c sp=0x0000006ff8efd9b0
Event: 79.123 Thread 0x00000243872cc800 DEOPT UNPACKING pc=0x00000243e71774af sp=0x0000006ff8efd968 mode 2

Classes redefined (0 events):
No events

Internal exceptions (20 events):
Event: 73.022 Thread 0x000002438385e000 Exception <a 'java/lang/NoSuchMethodError'{0x0000000087025160}: 'int java.lang.invoke.DirectMethodHandle$Holder.invokeSpecial(java.lang.Object, java.lang.Object, java.lang.Object, java.lang.Object, java.lang.Object)'> (0x0000000087025160) thrown at [./src/hotspot/share/interpreter/linkResolver.cpp, line 773]
Event: 73.098 Thread 0x0000024383860800 Exception <a 'sun/nio/fs/WindowsException'{0x00000000870cb800}> (0x00000000870cb800) thrown at [./src/hotspot/share/prims/jni.cpp, line 615]
Event: 73.208 Thread 0x0000024383859800 Exception <a 'java/lang/NoSuchMethodError'{0x0000000086e213e8}: 'void java.lang.invoke.DirectMethodHandle$Holder.invokeStatic(java.lang.Object, long)'> (0x0000000086e213e8) thrown at [./src/hotspot/share/interpreter/linkResolver.cpp, line 773]
Event: 73.209 Thread 0x0000024383859800 Exception <a 'java/lang/NoSuchMethodError'{0x0000000086e26600}: 'java.lang.Object java.lang.invoke.DirectMethodHandle$Holder.invokeStatic(java.lang.Object, long)'> (0x0000000086e26600) thrown at [./src/hotspot/share/interpreter/linkResolver.cpp, line 773]
Event: 73.212 Thread 0x0000024383859800 Exception <a 'java/lang/NoSuchMethodError'{0x0000000086ebd2e0}: 'java.lang.Object java.lang.invoke.DirectMethodHandle$Holder.invokeStaticInit(java.lang.Object, java.lang.Object, long, java.lang.Object)'> (0x0000000086ebd2e0) thrown at [./src/hotspot/share/interpreter/linkResolver.cpp, line 773]
Event: 73.212 Thread 0x0000024383859800 Exception <a 'java/lang/NoSuchMethodError'{0x0000000086ecdcd8}: 'java.lang.Object java.lang.invoke.DirectMethodHandle$Holder.invokeStatic(java.lang.Object, java.lang.Object, long)'> (0x0000000086ecdcd8) thrown at [./src/hotspot/share/interpreter/linkResolver.cpp, line 773]
Event: 73.214 Thread 0x0000024383859800 Exception <a 'java/lang/NoSuchMethodError'{0x0000000086ed4250}: 'java.lang.Object java.lang.invoke.Invokers$Holder.linkToTargetMethod(java.lang.Object, long, java.lang.Object)'> (0x0000000086ed4250) thrown at [./src/hotspot/share/interpreter/linkResolver.cpp, line 773]
Event: 73.344 Thread 0x0000024383860800 Exception <a 'java/lang/NoSuchMethodError'{0x0000000086c2bc60}: 'int java.lang.invoke.DirectMethodHandle$Holder.invokeVirtual(java.lang.Object, java.lang.Object, java.lang.Object)'> (0x0000000086c2bc60) thrown at [./src/hotspot/share/interpreter/linkResolver.cpp, line 773]
Event: 73.424 Thread 0x0000024383860800 Exception <a 'java/lang/NoSuchMethodError'{0x000000008731fd20}: 'java.lang.Object java.lang.invoke.DirectMethodHandle$Holder.invokeStatic(java.lang.Object, java.lang.Object, java.lang.Object, java.lang.Object, java.lang.Object, java.lang.Object, java.lang.Object, java.lang.Object, java.lang.Object, java.lang.Object, java.lang.Object, java.lang.Object, java.lang.Object, java.lang.Object, java.lang.Object, java.lang.Object, java.lang.Object, int, java.lang.Object)'> (0x000000008731fd20) thrown at [./src/hots
Event: 73.425 Thread 0x0000024383860800 Exception <a 'java/lang/NoSuchMethodError'{0x00000000873258b8}: 'java.lang.Object java.lang.invoke.DirectMethodHandle$Holder.invokeStaticInit(java.lang.Object, java.lang.Object, java.lang.Object, java.lang.Object, java.lang.Object, java.lang.Object, java.lang.Object, java.lang.Object, java.lang.Object, java.lang.Object, java.lang.Object, java.lang.Object, java.lang.Object, java.lang.Object, java.lang.Object, java.lang.Object, java.lang.Object, int, java.lang.Object)'> (0x00000000873258b8) thrown at [./src/
Event: 74.383 Thread 0x0000024383859800 Exception <a 'java/lang/NoSuchMethodError'{0x00000000886f5290}: 'int java.lang.invoke.DirectMethodHandle$Holder.invokeSpecialIFC(java.lang.Object, java.lang.Object, java.lang.Object)'> (0x00000000886f5290) thrown at [./src/hotspot/share/interpreter/linkResolver.cpp, line 773]
Event: 76.052 Thread 0x0000024383865800 Exception <a 'java/lang/NoSuchMethodError'{0x0000000088888420}: 'java.lang.Object java.lang.invoke.DirectMethodHandle$Holder.newInvokeSpecial(java.lang.Object, int)'> (0x0000000088888420) thrown at [./src/hotspot/share/interpreter/linkResolver.cpp, line 773]
Event: 78.446 Thread 0x0000024383860800 Exception <a 'java/lang/NoSuchMethodError'{0x000000008bcdb8e8}: 'void java.lang.invoke.DirectMethodHandle$Holder.invokeStatic(java.lang.Object, java.lang.Object, java.lang.Object, int)'> (0x000000008bcdb8e8) thrown at [./src/hotspot/share/interpreter/linkResolver.cpp, line 773]
Event: 78.449 Thread 0x0000024383860800 Exception <a 'java/lang/IncompatibleClassChangeError'{0x000000008bce3790}: Found class java.lang.Object, but interface was expected> (0x000000008bce3790) thrown at [./src/hotspot/share/interpreter/linkResolver.cpp, line 839]
Event: 78.965 Thread 0x0000024383860800 Exception <a 'java/lang/NoSuchMethodError'{0x000000008b8b3568}: 'void java.lang.invoke.DirectMethodHandle$Holder.invokeStaticInit(java.lang.Object, java.lang.Object, java.lang.Object, java.lang.Object, java.lang.Object)'> (0x000000008b8b3568) thrown at [./src/hotspot/share/interpreter/linkResolver.cpp, line 773]
Event: 78.977 Thread 0x0000024383860800 Exception <a 'java/lang/NoSuchMethodError'{0x000000008b7134f0}: 'long java.lang.invoke.DirectMethodHandle$Holder.invokeStatic(java.lang.Object, java.lang.Object)'> (0x000000008b7134f0) thrown at [./src/hotspot/share/interpreter/linkResolver.cpp, line 773]
Event: 79.110 Thread 0x00000243872cb800 Exception <a 'java/lang/NoSuchMethodError'{0x000000008b78f440}: 'void java.lang.invoke.DirectMethodHandle$Holder.invokeSpecial(java.lang.Object, java.lang.Object, int, java.lang.Object)'> (0x000000008b78f440) thrown at [./src/hotspot/share/interpreter/linkResolver.cpp, line 773]
Event: 79.110 Thread 0x00000243872ca000 Exception <a 'java/lang/NoSuchMethodError'{0x000000008b798348}: 'void java.lang.invoke.DirectMethodHandle$Holder.invokeSpecial(java.lang.Object, java.lang.Object, int, java.lang.Object)'> (0x000000008b798348) thrown at [./src/hotspot/share/interpreter/linkResolver.cpp, line 773]
Event: 79.121 Thread 0x0000024383865800 Exception <a 'java/lang/NoSuchMethodError'{0x000000008bd40ad8}: 'void java.lang.invoke.DirectMethodHandle$Holder.invokeSpecial(java.lang.Object, java.lang.Object, int, java.lang.Object)'> (0x000000008bd40ad8) thrown at [./src/hotspot/share/interpreter/linkResolver.cpp, line 773]
Event: 79.121 Thread 0x00000243872cc800 Exception <a 'java/lang/NoSuchMethodError'{0x000000008bba8998}: 'void java.lang.invoke.DirectMethodHandle$Holder.invokeSpecial(java.lang.Object, java.lang.Object, int, java.lang.Object)'> (0x000000008bba8998) thrown at [./src/hotspot/share/interpreter/linkResolver.cpp, line 773]

Events (20 events):
Event: 79.137 Executing coalesced safepoint VM operation: RevokeBias
Event: 79.137 Executing coalesced safepoint VM operation: RevokeBias done
Event: 79.137 Executing coalesced safepoint VM operation: RevokeBias
Event: 79.137 Executing coalesced safepoint VM operation: RevokeBias done
Event: 79.137 Executing VM operation: RevokeBias done
Event: 79.145 Executing VM operation: RevokeBias
Event: 79.146 Executing coalesced safepoint VM operation: RevokeBias
Event: 79.146 Executing coalesced safepoint VM operation: RevokeBias done
Event: 79.146 Executing coalesced safepoint VM operation: RevokeBias
Event: 79.146 Executing coalesced safepoint VM operation: RevokeBias done
Event: 79.146 Executing coalesced safepoint VM operation: RevokeBias
Event: 79.146 Executing coalesced safepoint VM operation: RevokeBias done
Event: 79.146 Executing coalesced safepoint VM operation: BulkRevokeBias
Event: 79.150 Executing coalesced safepoint VM operation: BulkRevokeBias done
Event: 79.150 Executing coalesced safepoint VM operation: RevokeBias
Event: 79.150 Executing coalesced safepoint VM operation: RevokeBias done
Event: 79.150 Executing coalesced safepoint VM operation: RevokeBias
Event: 79.150 Executing coalesced safepoint VM operation: RevokeBias done
Event: 79.150 Executing VM operation: RevokeBias done
Event: 79.186 Executing VM operation: G1CollectForAllocation


Dynamic libraries:
0x00007ff688ef0000 - 0x00007ff688efa000 	C:\Program Files\Android\Android Studio\jre\bin\java.exe
0x00007ffa6b3f0000 - 0x00007ffa6b5e6000 	C:\WINDOWS\SYSTEM32\ntdll.dll
0x00007ffa69520000 - 0x00007ffa695dd000 	C:\WINDOWS\System32\KERNEL32.DLL
0x00007ffa68f10000 - 0x00007ffa691d8000 	C:\WINDOWS\System32\KERNELBASE.dll
0x00007ffa68d60000 - 0x00007ffa68e60000 	C:\WINDOWS\System32\ucrtbase.dll
0x00007ffa40bd0000 - 0x00007ffa40be9000 	C:\Program Files\Android\Android Studio\jre\bin\jli.dll
0x00007ffa3e340000 - 0x00007ffa3e357000 	C:\Program Files\Android\Android Studio\jre\bin\VCRUNTIME140.dll
0x00007ffa69ef0000 - 0x00007ffa6a090000 	C:\WINDOWS\System32\USER32.dll
0x00007ffa68ee0000 - 0x00007ffa68f02000 	C:\WINDOWS\System32\win32u.dll
0x00007ffa6a850000 - 0x00007ffa6a87a000 	C:\WINDOWS\System32\GDI32.dll
0x00007ffa54630000 - 0x00007ffa548cb000 	C:\WINDOWS\WinSxS\amd64_microsoft.windows.common-controls_6595b64144ccf1df_6.0.19041.488_none_ca04af081b815d21\COMCTL32.dll
0x00007ffa698c0000 - 0x00007ffa6995e000 	C:\WINDOWS\System32\msvcrt.dll
0x00007ffa69340000 - 0x00007ffa69449000 	C:\WINDOWS\System32\gdi32full.dll
0x00007ffa68b30000 - 0x00007ffa68bcd000 	C:\WINDOWS\System32\msvcp_win.dll
0x00007ffa69890000 - 0x00007ffa698c0000 	C:\WINDOWS\System32\IMM32.DLL
0x00007ffa29c80000 - 0x00007ffa29d1d000 	C:\Program Files\Android\Android Studio\jre\bin\msvcp140.dll
0x00007ffa28c80000 - 0x00007ffa2973c000 	C:\Program Files\Android\Android Studio\jre\bin\server\jvm.dll
0x00007ffa697e0000 - 0x00007ffa6988c000 	C:\WINDOWS\System32\ADVAPI32.dll
0x00007ffa6ad50000 - 0x00007ffa6adeb000 	C:\WINDOWS\System32\sechost.dll
0x00007ffa6adf0000 - 0x00007ffa6af14000 	C:\WINDOWS\System32\RPCRT4.dll
0x00007ffa695e0000 - 0x00007ffa695e8000 	C:\WINDOWS\System32\PSAPI.DLL
0x00007ffa56270000 - 0x00007ffa56279000 	C:\WINDOWS\SYSTEM32\WSOCK32.dll
0x00007ffa6a090000 - 0x00007ffa6a0fb000 	C:\WINDOWS\System32\WS2_32.dll
0x00007ffa61420000 - 0x00007ffa6142a000 	C:\WINDOWS\SYSTEM32\VERSION.dll
0x00007ffa5eb80000 - 0x00007ffa5eba7000 	C:\WINDOWS\SYSTEM32\WINMM.dll
0x00007ffa67460000 - 0x00007ffa67472000 	C:\WINDOWS\SYSTEM32\kernel.appcore.dll
0x00007ffa63190000 - 0x00007ffa631a1000 	C:\Program Files\Android\Android Studio\jre\bin\verify.dll
0x00007ffa67210000 - 0x00007ffa673f4000 	C:\WINDOWS\SYSTEM32\DBGHELP.DLL
0x00007ffa5c930000 - 0x00007ffa5c95c000 	C:\WINDOWS\SYSTEM32\dbgcore.DLL
0x00007ffa68e60000 - 0x00007ffa68edf000 	C:\WINDOWS\System32\bcryptPrimitives.dll
0x00007ffa512e0000 - 0x00007ffa51309000 	C:\Program Files\Android\Android Studio\jre\bin\java.dll
0x00007ffa63180000 - 0x00007ffa6318b000 	C:\Program Files\Android\Android Studio\jre\bin\jimage.dll
0x00007ffa62cd0000 - 0x00007ffa62ce8000 	C:\Program Files\Android\Android Studio\jre\bin\zip.dll
0x00007ffa6a100000 - 0x00007ffa6a841000 	C:\WINDOWS\System32\SHELL32.dll
0x00007ffa669a0000 - 0x00007ffa67135000 	C:\WINDOWS\SYSTEM32\windows.storage.dll
0x00007ffa6af80000 - 0x00007ffa6b2d5000 	C:\WINDOWS\System32\combase.dll
0x00007ffa68530000 - 0x00007ffa6855c000 	C:\WINDOWS\SYSTEM32\Wldp.dll
0x00007ffa695f0000 - 0x00007ffa6969e000 	C:\WINDOWS\System32\SHCORE.dll
0x00007ffa69450000 - 0x00007ffa694a5000 	C:\WINDOWS\System32\shlwapi.dll
0x00007ffa68a60000 - 0x00007ffa68a86000 	C:\WINDOWS\SYSTEM32\profapi.dll
0x00007ffa512c0000 - 0x00007ffa512da000 	C:\Program Files\Android\Android Studio\jre\bin\net.dll
0x00007ffa60af0000 - 0x00007ffa60bf0000 	C:\WINDOWS\SYSTEM32\WINHTTP.dll
0x00007ffa68250000 - 0x00007ffa682ba000 	C:\WINDOWS\system32\mswsock.dll
0x00007ffa512a0000 - 0x00007ffa512b4000 	C:\Program Files\Android\Android Studio\jre\bin\nio.dll
0x00007ffa4a650000 - 0x00007ffa4a677000 	C:\Users\raj\.gradle\native\fdc75f09e3144964f2cf3f50f0aa648679c211496f362492102eb8c894070792\windows-amd64\native-platform.dll
0x00007ffa2d160000 - 0x00007ffa2d2f6000 	C:\Users\raj\.gradle\native\12488b8bf47d2d4c9fbf2f6322a914ad602e24e48041cd04a747c6da556b65c4\windows-amd64\native-platform-file-events.dll
0x00007ffa5cf40000 - 0x00007ffa5cf4a000 	C:\Program Files\Android\Android Studio\jre\bin\management.dll
0x00007ffa52ef0000 - 0x00007ffa52efc000 	C:\Program Files\Android\Android Studio\jre\bin\management_ext.dll
0x00007ffa68480000 - 0x00007ffa68498000 	C:\WINDOWS\SYSTEM32\CRYPTSP.dll
0x00007ffa67be0000 - 0x00007ffa67c14000 	C:\WINDOWS\system32\rsaenh.dll
0x00007ffa68bd0000 - 0x00007ffa68bf7000 	C:\WINDOWS\System32\bcrypt.dll
0x00007ffa689e0000 - 0x00007ffa68a0e000 	C:\WINDOWS\SYSTEM32\USERENV.dll
0x00007ffa684a0000 - 0x00007ffa684ac000 	C:\WINDOWS\SYSTEM32\CRYPTBASE.dll
0x00007ffa67f40000 - 0x00007ffa67f7b000 	C:\WINDOWS\SYSTEM32\IPHLPAPI.DLL
0x00007ffa694b0000 - 0x00007ffa694b8000 	C:\WINDOWS\System32\NSI.dll
0x00007ffa634f0000 - 0x00007ffa63507000 	C:\WINDOWS\SYSTEM32\dhcpcsvc6.DLL
0x00007ffa63480000 - 0x00007ffa6349d000 	C:\WINDOWS\SYSTEM32\dhcpcsvc.DLL
0x00007ffa67f80000 - 0x00007ffa6804b000 	C:\WINDOWS\SYSTEM32\DNSAPI.dll
0x00007ffa63a60000 - 0x00007ffa63a6b000 	C:\WINDOWS\SYSTEM32\WINNSI.DLL

dbghelp: loaded successfully - version: 4.0.5 - missing functions: none
symbol engine: initialized successfully - sym options: 0x614 - pdb path: .;C:\Program Files\Android\Android Studio\jre\bin;C:\WINDOWS\SYSTEM32;C:\WINDOWS\WinSxS\amd64_microsoft.windows.common-controls_6595b64144ccf1df_6.0.19041.488_none_ca04af081b815d21;C:\Program Files\Android\Android Studio\jre\bin\server;C:\Users\raj\.gradle\native\fdc75f09e3144964f2cf3f50f0aa648679c211496f362492102eb8c894070792\windows-amd64;C:\Users\raj\.gradle\native\12488b8bf47d2d4c9fbf2f6322a914ad602e24e48041cd04a747c6da556b65c4\windows-amd64

VM Arguments:
jvm_args: --add-opens=java.base/java.util=ALL-UNNAMED --add-opens=java.base/java.lang=ALL-UNNAMED --add-opens=java.base/java.lang.invoke=ALL-UNNAMED --add-opens=java.prefs/java.util.prefs=ALL-UNNAMED -Xmx2048m -Dfile.encoding=UTF-8 -Duser.country=IN -Duser.language=en -Duser.variant 
java_command: org.gradle.launcher.daemon.bootstrap.GradleDaemon 6.7.1
java_class_path (initial): C:\Users\raj\.gradle\wrapper\dists\gradle-6.7.1-bin\bwlcbys1h7rz3272sye1xwiv6\gradle-6.7.1\lib\gradle-launcher-6.7.1.jar
Launcher Type: SUN_STANDARD

[Global flags]
     intx CICompilerCount                          = 4                                         {product} {ergonomic}
     uint ConcGCThreads                            = 2                                         {product} {ergonomic}
     uint G1ConcRefinementThreads                  = 8                                         {product} {ergonomic}
   size_t G1HeapRegionSize                         = 1048576                                   {product} {ergonomic}
    uintx GCDrainStackTargetSize                   = 64                                        {product} {ergonomic}
   size_t InitialHeapSize                          = 100663296                                 {product} {ergonomic}
   size_t MarkStackSize                            = 4194304                                   {product} {ergonomic}
   size_t MaxHeapSize                              = 2147483648                                {product} {command line}
   size_t MaxNewSize                               = 1287651328                                {product} {ergonomic}
   size_t MinHeapDeltaBytes                        = 1048576                                   {product} {ergonomic}
    uintx NonNMethodCodeHeapSize                   = 5836300                                {pd product} {ergonomic}
    uintx NonProfiledCodeHeapSize                  = 122910970                              {pd product} {ergonomic}
    uintx ProfiledCodeHeapSize                     = 122910970                              {pd product} {ergonomic}
    uintx ReservedCodeCacheSize                    = 251658240                              {pd product} {ergonomic}
     bool SegmentedCodeCache                       = true                                      {product} {ergonomic}
     bool UseCompressedClassPointers               = true                                 {lp64_product} {ergonomic}
     bool UseCompressedOops                        = true                                 {lp64_product} {ergonomic}
     bool UseG1GC                                  = true                                      {product} {ergonomic}
     bool UseLargePagesIndividualAllocation        = false                                  {pd product} {ergonomic}

Logging:
Log output configuration:
 #0: stdout all=warning uptime,level,tags
 #1: stderr all=off uptime,level,tags

Environment Variables:
PATH=C:\Program Files (x86)\Common Files\Intel\Shared Libraries\redist\intel64\compiler;C:\python3.9.0\Scripts\;C:\python3.9.0\;C:\Program Files\Common Files\Oracle\Java\javapath;C:\Windows\system32;C:\Windows;C:\Windows\System32\Wbem;C:\Windows\System32\WindowsPowerShell\v1.0\;C:\Windows\System32\OpenSSH\;C:\Program Files (x86)\NVIDIA Corporation\PhysX\Common;C:\Program Files\NVIDIA Corporation\NVIDIA NvDLISR;C:\WINDOWS\system32;C:\WINDOWS;C:\WINDOWS\System32\Wbem;C:\WINDOWS\System32\WindowsPowerShell\v1.0\;C:\WINDOWS\System32\OpenSSH\;C:\Program Files\Java\jdk-15.0.1\bin;C:\Users\raj\AppData\Roaming\Python\Python39\Scripts;C:\MinGW\bin;C:\Program Files\Git\cmd;C:\Program Files\nodejs\;C:\Program Files\dotnet\;C:\Program Files\Microsoft SQL Server\130\Tools\Binn\;C:\Program Files\Microsoft SQL Server\Client SDK\ODBC\170\Tools\Binn\;C:\Users\raj\CodingStuff\vcpkg-master\vcpkg-master\installed\x86-windows\include\;C:\aircrack-ng-1.6-win\bin;C:\Users\raj\AppData\Local\Programs\Microsoft VS Code\bin
USERNAME=raj
OS=Windows_NT
PROCESSOR_IDENTIFIER=AMD64 Family 23 Model 24 Stepping 1, AuthenticAMD



---------------  S Y S T E M  ---------------

OS: Windows 10 , 64 bit Build 19041 (10.0.19041.546)
OS uptime: 0 days 13:32 hours

CPU:total 8 (initial active 8) (8 cores per cpu, 2 threads per core) family 23 model 24 stepping 1, cmov, cx8, fxsr, mmx, sse, sse2, sse3, ssse3, sse4.1, sse4.2, popcnt, avx, avx2, aes, clmul, mmxext, 3dnowpref, lzcnt, sse4a, ht, tsc, tscinvbit, tscinv, bmi1, bmi2, adx, sha, fma

Memory: 4k page, system-wide physical 6079M (267M free)
TotalPageFile size 24511M (AvailPageFile size 67M)
current process WorkingSet (physical memory assigned to process): 302M, peak: 389M
current process commit charge ("private bytes"): 521M, peak: 647M

vm_info: OpenJDK 64-Bit Server VM (11.0.8+10-b944.6842174) for windows-amd64 JRE (11.0.8+10-b944.6842174), built on Sep 19 2020 01:11:42 by "builder" with MS VC++ 14.0 (VS2015)

END.
