#
# There is insufficient memory for the Java Runtime Environment to continue.
# Native memory allocation (malloc) failed to allocate 585856 bytes for Chunk::new
# Possible reasons:
#   The system is out of physical RAM or swap space
#   The process is running with CompressedOops enabled, and the Java Heap may be blocking the growth of the native heap
# Possible solutions:
#   Reduce memory load on the system
#   Increase physical memory or swap space
#   Check if swap backing store is full
#   Decrease Java heap size (-Xmx/-Xms)
#   Decrease number of Java threads
#   Decrease Java thread stack sizes (-Xss)
#   Set larger code cache with -XX:ReservedCodeCacheSize=
#   JVM is running with Unscaled Compressed Oops mode in which the Java heap is
#     placed in the first 4GB address space. The Java Heap base address is the
#     maximum limit for the native heap growth. Please use -XX:HeapBaseMinAddress
#     to set the Java Heap base and to place the Java Heap above 4GB virtual address.
# This output file may be truncated or incomplete.
#
#  Out of Memory Error (./src/hotspot/share/memory/arena.cpp:197), pid=11168, tid=18556
#
# JRE version: OpenJDK Runtime Environment (11.0.8+10) (build 11.0.8+10-b944.6842174)
# Java VM: OpenJDK 64-Bit Server VM (11.0.8+10-b944.6842174, mixed mode, tiered, compressed oops, g1 gc, windows-amd64)
# No core dump will be written. Minidumps are not enabled by default on client versions of Windows
#

---------------  S U M M A R Y ------------

Command Line: --add-opens=java.base/java.util=ALL-UNNAMED --add-opens=java.base/java.lang=ALL-UNNAMED --add-opens=java.base/java.lang.invoke=ALL-UNNAMED --add-opens=java.prefs/java.util.prefs=ALL-UNNAMED -Xmx2048m -Dfile.encoding=UTF-8 -Duser.country=IN -Duser.language=en -Duser.variant org.gradle.launcher.daemon.bootstrap.GradleDaemon 6.7.1

Host: AMD Ryzen 5 3550H with Radeon Vega Mobile Gfx  , 8 cores, 5G,  Windows 10 , 64 bit Build 19041 (10.0.19041.546)
Time: Fri Jun  4 21:51:22 2021 India Standard Time elapsed time: 15 seconds (0d 0h 0m 15s)

---------------  T H R E A D  ---------------

Current thread (0x0000023a784a1000):  JavaThread "C2 CompilerThread0" daemon [_thread_in_native, id=18556, stack(0x0000003a83800000,0x0000003a83900000)]


Current CompileTask:
C2:  15632 2506   !   4       java.net.URL::<init> (543 bytes)

Stack: [0x0000003a83800000,0x0000003a83900000]
Native frames: (J=compiled Java code, j=interpreted, Vv=VM code, C=native code)
V  [jvm.dll+0x5de50a]
V  [jvm.dll+0x7122f5]
V  [jvm.dll+0x71384d]
V  [jvm.dll+0x713f03]
V  [jvm.dll+0x23e728]
V  [jvm.dll+0xb899c]
V  [jvm.dll+0xb8e9c]
V  [jvm.dll+0x2b20e4]
V  [jvm.dll+0x502098]
V  [jvm.dll+0x1ff393]
V  [jvm.dll+0x1f917c]
V  [jvm.dll+0x1f685f]
V  [jvm.dll+0x17f32c]
V  [jvm.dll+0x205047]
V  [jvm.dll+0x203891]
V  [jvm.dll+0x6dad3f]
V  [jvm.dll+0x6d3895]
V  [jvm.dll+0x5dd4a6]
C  [ucrtbase.dll+0x214c2]
C  [KERNEL32.DLL+0x17034]
C  [ntdll.dll+0x4cec1]


---------------  P R O C E S S  ---------------

Threads class SMR info:
_java_thread_list=0x0000023a7ceada50, length=45, elements={
0x0000023a5d99a800, 0x0000023a78482800, 0x0000023a78485800, 0x0000023a78e33000,
0x0000023a7849e800, 0x0000023a784a1000, 0x0000023a784a9800, 0x0000023a784d8800,
0x0000023a78f58800, 0x0000023a78f73000, 0x0000023a7a706800, 0x0000023a7a4ff000,
0x0000023a7a34d800, 0x0000023a79cb7800, 0x0000023a7a9de800, 0x0000023a79235800,
0x0000023a79907000, 0x0000023a7a2e4000, 0x0000023a79ecf000, 0x0000023a7902e800,
0x0000023a79379800, 0x0000023a79375800, 0x0000023a79378000, 0x0000023a79379000,
0x0000023a79377000, 0x0000023a79376800, 0x0000023a7937a800, 0x0000023a79374800,
0x0000023a7937b000, 0x0000023a7ba29000, 0x0000023a7ba2a800, 0x0000023a7ba26800,
0x0000023a7ba2b800, 0x0000023a7ba28000, 0x0000023a7ba27800, 0x0000023a7ba2a000,
0x0000023a7ba25800, 0x0000023a7ba2f800, 0x0000023a7ba32000, 0x0000023a7ba2d000,
0x0000023a7ba30800, 0x0000023a7ba2c800, 0x0000023a7ba33000, 0x0000023a7ba33800,
0x0000023a7ba31000
}

Java Threads: ( => current thread )
  0x0000023a5d99a800 JavaThread "main" [_thread_blocked, id=15724, stack(0x0000003a82d00000,0x0000003a82e00000)]
  0x0000023a78482800 JavaThread "Reference Handler" daemon [_thread_blocked, id=7224, stack(0x0000003a83400000,0x0000003a83500000)]
  0x0000023a78485800 JavaThread "Finalizer" daemon [_thread_blocked, id=18644, stack(0x0000003a83500000,0x0000003a83600000)]
  0x0000023a78e33000 JavaThread "Signal Dispatcher" daemon [_thread_blocked, id=10156, stack(0x0000003a83600000,0x0000003a83700000)]
  0x0000023a7849e800 JavaThread "Attach Listener" daemon [_thread_blocked, id=18388, stack(0x0000003a83700000,0x0000003a83800000)]
=>0x0000023a784a1000 JavaThread "C2 CompilerThread0" daemon [_thread_in_native, id=18556, stack(0x0000003a83800000,0x0000003a83900000)]
  0x0000023a784a9800 JavaThread "C1 CompilerThread0" daemon [_thread_blocked, id=4712, stack(0x0000003a83900000,0x0000003a83a00000)]
  0x0000023a784d8800 JavaThread "Sweeper thread" daemon [_thread_blocked, id=17252, stack(0x0000003a83a00000,0x0000003a83b00000)]
  0x0000023a78f58800 JavaThread "Common-Cleaner" daemon [_thread_blocked, id=10768, stack(0x0000003a83b00000,0x0000003a83c00000)]
  0x0000023a78f73000 JavaThread "Service Thread" daemon [_thread_blocked, id=18256, stack(0x0000003a83c00000,0x0000003a83d00000)]
  0x0000023a7a706800 JavaThread "Daemon health stats" [_thread_blocked, id=14712, stack(0x0000003a83f00000,0x0000003a84000000)]
  0x0000023a7a4ff000 JavaThread "Incoming local TCP Connector on port 6262" [_thread_in_native, id=4968, stack(0x0000003a84200000,0x0000003a84300000)]
  0x0000023a7a34d800 JavaThread "Daemon periodic checks" [_thread_blocked, id=13200, stack(0x0000003a84300000,0x0000003a84400000)]
  0x0000023a79cb7800 JavaThread "Daemon" [_thread_blocked, id=19936, stack(0x0000003a84400000,0x0000003a84500000)]
  0x0000023a7a9de800 JavaThread "Handler for socket connection from /127.0.0.1:6262 to /127.0.0.1:6263" [_thread_in_native, id=10664, stack(0x0000003a84500000,0x0000003a84600000)]
  0x0000023a79235800 JavaThread "Cancel handler" [_thread_blocked, id=20044, stack(0x0000003a84d00000,0x0000003a84e00000)]
  0x0000023a79907000 JavaThread "Daemon worker" [_thread_in_native, id=12180, stack(0x0000003a84e00000,0x0000003a84f00000)]
  0x0000023a7a2e4000 JavaThread "Asynchronous log dispatcher for DefaultDaemonConnection: socket connection from /127.0.0.1:6262 to /127.0.0.1:6263" [_thread_blocked, id=9564, stack(0x0000003a84f00000,0x0000003a85000000)]
  0x0000023a79ecf000 JavaThread "Stdin handler" [_thread_blocked, id=19264, stack(0x0000003a85000000,0x0000003a85100000)]
  0x0000023a7902e800 JavaThread "Thread-8" [_thread_blocked, id=15788, stack(0x0000003a85100000,0x0000003a85200000)]
  0x0000023a79379800 JavaThread "Cache worker for file hash cache (C:\Users\raj\.gradle\caches\6.7.1\fileHashes)" [_thread_blocked, id=1280, stack(0x0000003a85200000,0x0000003a85300000)]
  0x0000023a79375800 JavaThread "File lock request listener" [_thread_in_native, id=19236, stack(0x0000003a85300000,0x0000003a85400000)]
  0x0000023a79378000 JavaThread "Cache worker for journal cache (C:\Users\raj\.gradle\caches\journal-1)" [_thread_blocked, id=15060, stack(0x0000003a85500000,0x0000003a85600000)]
  0x0000023a79379000 JavaThread "Cache worker for file hash cache (C:\Users\raj\Covid Slots Tracker\Android Project\.gradle\6.7.1\fileHashes)" [_thread_blocked, id=14044, stack(0x0000003a85600000,0x0000003a85700000)]
  0x0000023a79377000 JavaThread "jar transforms" [_thread_blocked, id=19512, stack(0x0000003a85700000,0x0000003a85800000)]
  0x0000023a79376800 JavaThread "jar transforms Thread 2" [_thread_blocked, id=20232, stack(0x0000003a85800000,0x0000003a85900000)]
  0x0000023a7937a800 JavaThread "jar transforms Thread 3" [_thread_blocked, id=244, stack(0x0000003a85900000,0x0000003a85a00000)]
  0x0000023a79374800 JavaThread "jar transforms Thread 4" [_thread_blocked, id=1648, stack(0x0000003a85a00000,0x0000003a85b00000)]
  0x0000023a7937b000 JavaThread "jar transforms Thread 5" [_thread_blocked, id=1808, stack(0x0000003a85b00000,0x0000003a85c00000)]
  0x0000023a7ba29000 JavaThread "jar transforms Thread 6" [_thread_blocked, id=8556, stack(0x0000003a85c00000,0x0000003a85d00000)]
  0x0000023a7ba2a800 JavaThread "jar transforms Thread 7" [_thread_blocked, id=14204, stack(0x0000003a85d00000,0x0000003a85e00000)]
  0x0000023a7ba26800 JavaThread "jar transforms Thread 8" [_thread_blocked, id=3784, stack(0x0000003a85e00000,0x0000003a85f00000)]
  0x0000023a7ba2b800 JavaThread "jar transforms Thread 9" [_thread_blocked, id=5432, stack(0x0000003a85f00000,0x0000003a86000000)]
  0x0000023a7ba28000 JavaThread "jar transforms Thread 10" [_thread_blocked, id=4680, stack(0x0000003a86000000,0x0000003a86100000)]
  0x0000023a7ba27800 JavaThread "jar transforms Thread 11" [_thread_blocked, id=18280, stack(0x0000003a86100000,0x0000003a86200000)]
  0x0000023a7ba2a000 JavaThread "jar transforms Thread 12" [_thread_blocked, id=10152, stack(0x0000003a86200000,0x0000003a86300000)]
  0x0000023a7ba25800 JavaThread "jar transforms Thread 13" [_thread_blocked, id=14412, stack(0x0000003a86300000,0x0000003a86400000)]
  0x0000023a7ba2f800 JavaThread "jar transforms Thread 14" [_thread_blocked, id=18792, stack(0x0000003a86400000,0x0000003a86500000)]
  0x0000023a7ba32000 JavaThread "jar transforms Thread 15" [_thread_blocked, id=19792, stack(0x0000003a86500000,0x0000003a86600000)]
  0x0000023a7ba2d000 JavaThread "jar transforms Thread 16" [_thread_blocked, id=8648, stack(0x0000003a86600000,0x0000003a86700000)]
  0x0000023a7ba30800 JavaThread "jar transforms Thread 17" [_thread_blocked, id=14164, stack(0x0000003a86700000,0x0000003a86800000)]
  0x0000023a7ba2c800 JavaThread "jar transforms Thread 18" [_thread_blocked, id=15548, stack(0x0000003a86800000,0x0000003a86900000)]
  0x0000023a7ba33000 JavaThread "jar transforms Thread 19" [_thread_blocked, id=10092, stack(0x0000003a86900000,0x0000003a86a00000)]
  0x0000023a7ba33800 JavaThread "jar transforms Thread 20" [_thread_blocked, id=10280, stack(0x0000003a86a00000,0x0000003a86b00000)]
  0x0000023a7ba31000 JavaThread "jar transforms Thread 21" [_thread_blocked, id=10088, stack(0x0000003a86b00000,0x0000003a86c00000)]

Other Threads:
  0x0000023a78480000 VMThread "VM Thread" [stack: 0x0000003a83300000,0x0000003a83400000] [id=17836]
  0x0000023a78f74000 WatcherThread [stack: 0x0000003a83d00000,0x0000003a83e00000] [id=8240]
  0x0000023a5d9b3000 GCTaskThread "GC Thread#0" [stack: 0x0000003a82e00000,0x0000003a82f00000] [id=19816]
  0x0000023a798ed800 GCTaskThread "GC Thread#1" [stack: 0x0000003a83e00000,0x0000003a83f00000] [id=14024]
  0x0000023a7998a800 GCTaskThread "GC Thread#2" [stack: 0x0000003a84600000,0x0000003a84700000] [id=11432]
  0x0000023a7a561800 GCTaskThread "GC Thread#3" [stack: 0x0000003a84700000,0x0000003a84800000] [id=10648]
  0x0000023a7a4c8000 GCTaskThread "GC Thread#4" [stack: 0x0000003a84800000,0x0000003a84900000] [id=4556]
  0x0000023a7a4c8800 GCTaskThread "GC Thread#5" [stack: 0x0000003a84900000,0x0000003a84a00000] [id=5560]
  0x0000023a79ed6800 GCTaskThread "GC Thread#6" [stack: 0x0000003a84a00000,0x0000003a84b00000] [id=972]
  0x0000023a79ed4000 GCTaskThread "GC Thread#7" [stack: 0x0000003a84b00000,0x0000003a84c00000] [id=19624]
  0x0000023a5d9e4000 ConcurrentGCThread "G1 Main Marker" [stack: 0x0000003a82f00000,0x0000003a83000000] [id=14536]
  0x0000023a5d9e9800 ConcurrentGCThread "G1 Conc#0" [stack: 0x0000003a83000000,0x0000003a83100000] [id=1060]
  0x0000023a79ed5800 ConcurrentGCThread "G1 Conc#1" [stack: 0x0000003a85400000,0x0000003a85500000] [id=17464]
  0x0000023a5da6b800 ConcurrentGCThread "G1 Refine#0" [stack: 0x0000003a83100000,0x0000003a83200000] [id=17908]
  0x0000023a7a64b800 ConcurrentGCThread "G1 Refine#1" [stack: 0x0000003a84c00000,0x0000003a84d00000] [id=9676]
  0x0000023a5da6c800 ConcurrentGCThread "G1 Young RemSet Sampling" [stack: 0x0000003a83200000,0x0000003a83300000] [id=1040]

Threads with active compile tasks:
C2 CompilerThread0  15715 2506   !   4       java.net.URL::<init> (543 bytes)

VM state:not at safepoint (normal execution)

VM Mutex/Monitor currently owned by a thread: None

OutOfMemory and StackOverflow Exception counts:
OutOfMemoryError java_heap_errors=1
LinkageErrors=80

Heap address: 0x0000000080000000, size: 2048 MB, Compressed Oops mode: 32-bit
Narrow klass base: 0x0000000000000000, Narrow klass shift: 3
Compressed class space size: 1073741824 Address: 0x0000000100000000

Heap:
 garbage-first heap   total 98304K, used 53950K [0x0000000080000000, 0x0000000100000000)
  region size 1024K, 30 young (30720K), 3 survivors (3072K)
 Metaspace       used 27449K, capacity 28247K, committed 28464K, reserved 1073152K
  class space    used 3608K, capacity 3892K, committed 3968K, reserved 1048576K
Heap Regions: E=young(eden), S=young(survivor), O=old, HS=humongous(starts), HC=humongous(continues), CS=collection set, F=free, A=archive, TAMS=top-at-mark-start (previous, next)
|   0|0x0000000080000000, 0x0000000080100000, 0x0000000080100000|100%| O|  |TAMS 0x0000000080100000, 0x0000000080000000| Untracked 
|   1|0x0000000080100000, 0x0000000080200000, 0x0000000080200000|100%| O|  |TAMS 0x0000000080200000, 0x0000000080100000| Untracked 
|   2|0x0000000080200000, 0x0000000080300000, 0x0000000080300000|100%| O|  |TAMS 0x0000000080300000, 0x0000000080200000| Untracked 
|   3|0x0000000080300000, 0x0000000080400000, 0x0000000080400000|100%|HS|  |TAMS 0x0000000080400000, 0x0000000080300000| Complete 
|   4|0x0000000080400000, 0x0000000080500000, 0x0000000080500000|100%|HC|  |TAMS 0x0000000080500000, 0x0000000080400000| Complete 
|   5|0x0000000080500000, 0x0000000080600000, 0x0000000080600000|100%|HC|  |TAMS 0x0000000080600000, 0x0000000080500000| Complete 
|   6|0x0000000080600000, 0x0000000080700000, 0x0000000080700000|100%| O|  |TAMS 0x0000000080700000, 0x0000000080600000| Untracked 
|   7|0x0000000080700000, 0x0000000080800000, 0x0000000080800000|100%| O|  |TAMS 0x0000000080800000, 0x0000000080700000| Untracked 
|   8|0x0000000080800000, 0x0000000080900000, 0x0000000080900000|100%| O|  |TAMS 0x0000000080900000, 0x0000000080800000| Untracked 
|   9|0x0000000080900000, 0x0000000080a00000, 0x0000000080a00000|100%| O|  |TAMS 0x0000000080a00000, 0x0000000080900000| Untracked 
|  10|0x0000000080a00000, 0x0000000080b00000, 0x0000000080b00000|100%| O|  |TAMS 0x0000000080b00000, 0x0000000080a00000| Untracked 
|  11|0x0000000080b00000, 0x0000000080c00000, 0x0000000080c00000|100%| O|  |TAMS 0x0000000080c00000, 0x0000000080b00000| Untracked 
|  12|0x0000000080c00000, 0x0000000080d00000, 0x0000000080d00000|100%| O|  |TAMS 0x0000000080d00000, 0x0000000080c00000| Untracked 
|  13|0x0000000080d00000, 0x0000000080e00000, 0x0000000080e00000|100%| O|  |TAMS 0x0000000080e00000, 0x0000000080d00000| Untracked 
|  14|0x0000000080e00000, 0x0000000080ece600, 0x0000000080f00000| 80%| O|  |TAMS 0x0000000080ece600, 0x0000000080e00000| Untracked 
|  15|0x0000000080f00000, 0x0000000081000000, 0x0000000081000000|100%|HS|  |TAMS 0x0000000080f00000, 0x0000000080f00000| Complete 
|  16|0x0000000081000000, 0x0000000081100000, 0x0000000081100000|100%|HC|  |TAMS 0x0000000081000000, 0x0000000081000000| Complete 
|  17|0x0000000081100000, 0x0000000081200000, 0x0000000081200000|100%|HS|  |TAMS 0x0000000081100000, 0x0000000081100000| Complete 
|  18|0x0000000081200000, 0x0000000081300000, 0x0000000081300000|100%|HC|  |TAMS 0x0000000081200000, 0x0000000081200000| Complete 
|  19|0x0000000081300000, 0x0000000081400000, 0x0000000081400000|100%|HC|  |TAMS 0x0000000081300000, 0x0000000081300000| Complete 
|  20|0x0000000081400000, 0x0000000081500000, 0x0000000081500000|100%|HS|  |TAMS 0x0000000081400000, 0x0000000081400000| Complete 
|  21|0x0000000081500000, 0x0000000081600000, 0x0000000081600000|100%|HC|  |TAMS 0x0000000081500000, 0x0000000081500000| Complete 
|  22|0x0000000081600000, 0x0000000081700000, 0x0000000081700000|100%|HC|  |TAMS 0x0000000081600000, 0x0000000081600000| Complete 
|  23|0x0000000081700000, 0x0000000081800000, 0x0000000081800000|100%|HC|  |TAMS 0x0000000081700000, 0x0000000081700000| Complete 
|  24|0x0000000081800000, 0x0000000081800000, 0x0000000081900000|  0%| F|  |TAMS 0x0000000081800000, 0x0000000081800000| Untracked 
|  25|0x0000000081900000, 0x0000000081900000, 0x0000000081a00000|  0%| F|  |TAMS 0x0000000081900000, 0x0000000081900000| Untracked 
|  26|0x0000000081a00000, 0x0000000081a00000, 0x0000000081b00000|  0%| F|  |TAMS 0x0000000081a00000, 0x0000000081a00000| Untracked 
|  27|0x0000000081b00000, 0x0000000081b00000, 0x0000000081c00000|  0%| F|  |TAMS 0x0000000081b00000, 0x0000000081b00000| Untracked 
|  28|0x0000000081c00000, 0x0000000081c00000, 0x0000000081d00000|  0%| F|  |TAMS 0x0000000081c00000, 0x0000000081c00000| Untracked 
|  29|0x0000000081d00000, 0x0000000081d00000, 0x0000000081e00000|  0%| F|  |TAMS 0x0000000081d00000, 0x0000000081d00000| Untracked 
|  30|0x0000000081e00000, 0x0000000081e00000, 0x0000000081f00000|  0%| F|  |TAMS 0x0000000081e00000, 0x0000000081e00000| Untracked 
|  31|0x0000000081f00000, 0x0000000081f00000, 0x0000000082000000|  0%| F|  |TAMS 0x0000000081f00000, 0x0000000081f00000| Untracked 
|  32|0x0000000082000000, 0x0000000082000000, 0x0000000082100000|  0%| F|  |TAMS 0x0000000082000000, 0x0000000082000000| Untracked 
|  33|0x0000000082100000, 0x0000000082100000, 0x0000000082200000|  0%| F|  |TAMS 0x0000000082100000, 0x0000000082100000| Untracked 
|  34|0x0000000082200000, 0x0000000082200000, 0x0000000082300000|  0%| F|  |TAMS 0x0000000082200000, 0x0000000082200000| Untracked 
|  35|0x0000000082300000, 0x0000000082300000, 0x0000000082400000|  0%| F|  |TAMS 0x0000000082300000, 0x0000000082300000| Untracked 
|  36|0x0000000082400000, 0x0000000082400000, 0x0000000082500000|  0%| F|  |TAMS 0x0000000082400000, 0x0000000082400000| Untracked 
|  37|0x0000000082500000, 0x0000000082500000, 0x0000000082600000|  0%| F|  |TAMS 0x0000000082500000, 0x0000000082500000| Untracked 
|  38|0x0000000082600000, 0x0000000082600000, 0x0000000082700000|  0%| F|  |TAMS 0x0000000082600000, 0x0000000082600000| Untracked 
|  39|0x0000000082700000, 0x0000000082700000, 0x0000000082800000|  0%| F|  |TAMS 0x0000000082700000, 0x0000000082700000| Untracked 
|  40|0x0000000082800000, 0x0000000082800000, 0x0000000082900000|  0%| F|  |TAMS 0x0000000082800000, 0x0000000082800000| Untracked 
|  41|0x0000000082900000, 0x0000000082900000, 0x0000000082a00000|  0%| F|  |TAMS 0x0000000082900000, 0x0000000082900000| Untracked 
|  42|0x0000000082a00000, 0x0000000082a00000, 0x0000000082b00000|  0%| F|  |TAMS 0x0000000082a00000, 0x0000000082a00000| Untracked 
|  43|0x0000000082b00000, 0x0000000082b00000, 0x0000000082c00000|  0%| F|  |TAMS 0x0000000082b00000, 0x0000000082b00000| Untracked 
|  44|0x0000000082c00000, 0x0000000082c00000, 0x0000000082d00000|  0%| F|  |TAMS 0x0000000082c00000, 0x0000000082c00000| Untracked 
|  45|0x0000000082d00000, 0x0000000082d00000, 0x0000000082e00000|  0%| F|  |TAMS 0x0000000082d00000, 0x0000000082d00000| Untracked 
|  46|0x0000000082e00000, 0x0000000082e00000, 0x0000000082f00000|  0%| F|  |TAMS 0x0000000082e00000, 0x0000000082e00000| Untracked 
|  47|0x0000000082f00000, 0x0000000082f00000, 0x0000000083000000|  0%| F|  |TAMS 0x0000000082f00000, 0x0000000082f00000| Untracked 
|  48|0x0000000083000000, 0x0000000083000000, 0x0000000083100000|  0%| F|  |TAMS 0x0000000083000000, 0x0000000083000000| Untracked 
|  49|0x0000000083100000, 0x0000000083100000, 0x0000000083200000|  0%| F|  |TAMS 0x0000000083100000, 0x0000000083100000| Untracked 
|  50|0x0000000083200000, 0x0000000083200000, 0x0000000083300000|  0%| F|  |TAMS 0x0000000083200000, 0x0000000083200000| Untracked 
|  51|0x0000000083300000, 0x0000000083300000, 0x0000000083400000|  0%| F|  |TAMS 0x0000000083300000, 0x0000000083300000| Untracked 
|  52|0x0000000083400000, 0x0000000083400000, 0x0000000083500000|  0%| F|  |TAMS 0x0000000083400000, 0x0000000083400000| Untracked 
|  53|0x0000000083500000, 0x00000000835e14b8, 0x0000000083600000| 88%| S|CS|TAMS 0x0000000083500000, 0x0000000083500000| Complete 
|  54|0x0000000083600000, 0x0000000083700000, 0x0000000083700000|100%| S|CS|TAMS 0x0000000083600000, 0x0000000083600000| Complete 
|  55|0x0000000083700000, 0x0000000083800000, 0x0000000083800000|100%| S|CS|TAMS 0x0000000083700000, 0x0000000083700000| Complete 
|  56|0x0000000083800000, 0x0000000083800000, 0x0000000083900000|  0%| F|  |TAMS 0x0000000083800000, 0x0000000083800000| Untracked 
|  57|0x0000000083900000, 0x0000000083900000, 0x0000000083a00000|  0%| F|  |TAMS 0x0000000083900000, 0x0000000083900000| Untracked 
|  58|0x0000000083a00000, 0x0000000083a00000, 0x0000000083b00000|  0%| F|  |TAMS 0x0000000083a00000, 0x0000000083a00000| Untracked 
|  59|0x0000000083b00000, 0x0000000083b00000, 0x0000000083c00000|  0%| F|  |TAMS 0x0000000083b00000, 0x0000000083b00000| Untracked 
|  60|0x0000000083c00000, 0x0000000083c00000, 0x0000000083d00000|  0%| F|  |TAMS 0x0000000083c00000, 0x0000000083c00000| Untracked 
|  61|0x0000000083d00000, 0x0000000083d00000, 0x0000000083e00000|  0%| F|  |TAMS 0x0000000083d00000, 0x0000000083d00000| Untracked 
|  62|0x0000000083e00000, 0x0000000083e00000, 0x0000000083f00000|  0%| F|  |TAMS 0x0000000083e00000, 0x0000000083e00000| Untracked 
|  63|0x0000000083f00000, 0x0000000083f00000, 0x0000000084000000|  0%| F|  |TAMS 0x0000000083f00000, 0x0000000083f00000| Untracked 
|  64|0x0000000084000000, 0x0000000084000000, 0x0000000084100000|  0%| F|  |TAMS 0x0000000084000000, 0x0000000084000000| Untracked 
|  65|0x0000000084100000, 0x0000000084100000, 0x0000000084200000|  0%| F|  |TAMS 0x0000000084100000, 0x0000000084100000| Untracked 
|  66|0x0000000084200000, 0x0000000084200000, 0x0000000084300000|  0%| F|  |TAMS 0x0000000084200000, 0x0000000084200000| Untracked 
|  67|0x0000000084300000, 0x0000000084300000, 0x0000000084400000|  0%| F|  |TAMS 0x0000000084300000, 0x0000000084300000| Untracked 
|  68|0x0000000084400000, 0x0000000084400000, 0x0000000084500000|  0%| F|  |TAMS 0x0000000084400000, 0x0000000084400000| Untracked 
|  69|0x0000000084500000, 0x0000000084600000, 0x0000000084600000|100%| E|  |TAMS 0x0000000084500000, 0x0000000084500000| Complete 
|  70|0x0000000084600000, 0x0000000084700000, 0x0000000084700000|100%| E|CS|TAMS 0x0000000084600000, 0x0000000084600000| Complete 
|  71|0x0000000084700000, 0x0000000084800000, 0x0000000084800000|100%| E|CS|TAMS 0x0000000084700000, 0x0000000084700000| Complete 
|  72|0x0000000084800000, 0x0000000084900000, 0x0000000084900000|100%| E|CS|TAMS 0x0000000084800000, 0x0000000084800000| Complete 
|  73|0x0000000084900000, 0x0000000084a00000, 0x0000000084a00000|100%| E|CS|TAMS 0x0000000084900000, 0x0000000084900000| Complete 
|  74|0x0000000084a00000, 0x0000000084b00000, 0x0000000084b00000|100%| E|CS|TAMS 0x0000000084a00000, 0x0000000084a00000| Complete 
|  75|0x0000000084b00000, 0x0000000084c00000, 0x0000000084c00000|100%| E|CS|TAMS 0x0000000084b00000, 0x0000000084b00000| Complete 
|  76|0x0000000084c00000, 0x0000000084d00000, 0x0000000084d00000|100%| E|CS|TAMS 0x0000000084c00000, 0x0000000084c00000| Complete 
|  77|0x0000000084d00000, 0x0000000084e00000, 0x0000000084e00000|100%| E|CS|TAMS 0x0000000084d00000, 0x0000000084d00000| Complete 
|  78|0x0000000084e00000, 0x0000000084f00000, 0x0000000084f00000|100%| E|CS|TAMS 0x0000000084e00000, 0x0000000084e00000| Complete 
|  79|0x0000000084f00000, 0x0000000085000000, 0x0000000085000000|100%| E|CS|TAMS 0x0000000084f00000, 0x0000000084f00000| Complete 
|  80|0x0000000085000000, 0x0000000085100000, 0x0000000085100000|100%| E|CS|TAMS 0x0000000085000000, 0x0000000085000000| Complete 
|  81|0x0000000085100000, 0x0000000085200000, 0x0000000085200000|100%| E|CS|TAMS 0x0000000085100000, 0x0000000085100000| Complete 
|  82|0x0000000085200000, 0x0000000085300000, 0x0000000085300000|100%| E|CS|TAMS 0x0000000085200000, 0x0000000085200000| Complete 
|  83|0x0000000085300000, 0x0000000085400000, 0x0000000085400000|100%| E|CS|TAMS 0x0000000085300000, 0x0000000085300000| Complete 
|  84|0x0000000085400000, 0x0000000085500000, 0x0000000085500000|100%| E|CS|TAMS 0x0000000085400000, 0x0000000085400000| Complete 
|  85|0x0000000085500000, 0x0000000085600000, 0x0000000085600000|100%| E|CS|TAMS 0x0000000085500000, 0x0000000085500000| Complete 
|  86|0x0000000085600000, 0x0000000085700000, 0x0000000085700000|100%| E|CS|TAMS 0x0000000085600000, 0x0000000085600000| Complete 
|  87|0x0000000085700000, 0x0000000085800000, 0x0000000085800000|100%| E|CS|TAMS 0x0000000085700000, 0x0000000085700000| Complete 
|  88|0x0000000085800000, 0x0000000085900000, 0x0000000085900000|100%| E|CS|TAMS 0x0000000085800000, 0x0000000085800000| Complete 
|  89|0x0000000085900000, 0x0000000085a00000, 0x0000000085a00000|100%| E|CS|TAMS 0x0000000085900000, 0x0000000085900000| Complete 
|  90|0x0000000085a00000, 0x0000000085b00000, 0x0000000085b00000|100%| E|CS|TAMS 0x0000000085a00000, 0x0000000085a00000| Complete 
|  91|0x0000000085b00000, 0x0000000085c00000, 0x0000000085c00000|100%| E|CS|TAMS 0x0000000085b00000, 0x0000000085b00000| Complete 
|  92|0x0000000085c00000, 0x0000000085d00000, 0x0000000085d00000|100%| E|CS|TAMS 0x0000000085c00000, 0x0000000085c00000| Complete 
|  93|0x0000000085d00000, 0x0000000085e00000, 0x0000000085e00000|100%| E|CS|TAMS 0x0000000085d00000, 0x0000000085d00000| Complete 
|  94|0x0000000085e00000, 0x0000000085f00000, 0x0000000085f00000|100%| E|CS|TAMS 0x0000000085e00000, 0x0000000085e00000| Complete 
|  95|0x0000000085f00000, 0x0000000086000000, 0x0000000086000000|100%| E|CS|TAMS 0x0000000085f00000, 0x0000000085f00000| Complete 

Card table byte_map: [0x0000023a711d0000,0x0000023a715d0000] _byte_map_base: 0x0000023a70dd0000

Marking Bits (Prev, Next): (CMBitMap*) 0x0000023a5d9db2f0, (CMBitMap*) 0x0000023a5d9db2b8
 Prev Bits: [0x0000023a739d0000, 0x0000023a759d0000)
 Next Bits: [0x0000023a719d0000, 0x0000023a739d0000)

Polling page: 0x0000023a5da80000

Metaspace:

Usage:
  Non-class:     23.78 MB capacity,    23.28 MB ( 98%) used,   458.56 KB (  2%) free+waste,    55.38 KB ( <1%) overhead. 
      Class:      3.80 MB capacity,     3.52 MB ( 93%) used,   256.11 KB (  7%) free+waste,    27.75 KB ( <1%) overhead. 
       Both:     27.58 MB capacity,    26.81 MB ( 97%) used,   714.67 KB (  3%) free+waste,    83.13 KB ( <1%) overhead. 

Virtual space:
  Non-class space:       24.00 MB reserved,      23.92 MB (>99%) committed 
      Class space:        1.00 GB reserved,       3.88 MB ( <1%) committed 
             Both:        1.02 GB reserved,      27.80 MB (  3%) committed 

Chunk freelists:
   Non-Class:  13.00 KB
       Class:  12.00 KB
        Both:  25.00 KB

MaxMetaspaceSize: 17179869184.00 GB
CompressedClassSpaceSize: 1.00 GB

CodeHeap 'non-profiled nmethods': size=120000Kb used=1073Kb max_used=1073Kb free=118926Kb
 bounds [0x0000023a68e10000, 0x0000023a69080000, 0x0000023a70340000]
CodeHeap 'profiled nmethods': size=120000Kb used=4771Kb max_used=4771Kb free=115228Kb
 bounds [0x0000023a618e0000, 0x0000023a61d90000, 0x0000023a68e10000]
CodeHeap 'non-nmethods': size=5760Kb used=1144Kb max_used=1175Kb free=4615Kb
 bounds [0x0000023a61340000, 0x0000023a615b0000, 0x0000023a618e0000]
 total_blobs=2778 nmethods=2290 adapters=399
 compilation: enabled
              stopped_count=0, restarted_count=0
 full_count=0

Compilation events (20 events):
Event: 15.515 Thread 0x0000023a784a9800 nmethod 2503 0x0000023a61d80b10 code [0x0000023a61d80d00, 0x0000023a61d81038]
Event: 15.532 Thread 0x0000023a784a9800 2505       3       java.lang.reflect.Method::acquireMethodAccessor (44 bytes)
Event: 15.532 Thread 0x0000023a784a9800 nmethod 2505 0x0000023a61d81190 code [0x0000023a61d81380, 0x0000023a61d81858]
Event: 15.533 Thread 0x0000023a784a9800 2504   !   3       org.gradle.internal.service.DefaultServiceRegistry$FactoryMethodService::invokeMethod (151 bytes)
Event: 15.535 Thread 0x0000023a784a9800 nmethod 2504 0x0000023a61d81a10 code [0x0000023a61d81ea0, 0x0000023a61d842c8]
Event: 15.542 Thread 0x0000023a784a1000 2506   !   4       java.net.URL::<init> (543 bytes)
Event: 15.545 Thread 0x0000023a784a9800 2507       3       org.gradle.internal.service.DefaultServiceRegistry$CollectingVisitor::visit (25 bytes)
Event: 15.546 Thread 0x0000023a784a9800 nmethod 2507 0x0000023a61d85210 code [0x0000023a61d853e0, 0x0000023a61d856b8]
Event: 15.546 Thread 0x0000023a784a9800 2508       3       java.util.Collections::emptyIterator (4 bytes)
Event: 15.546 Thread 0x0000023a784a9800 nmethod 2508 0x0000023a6197b110 code [0x0000023a6197b2c0, 0x0000023a6197b3b8]
Event: 15.577 Thread 0x0000023a784a9800 2509       3       org.objectweb.asm.Handler::getExceptionTableLength (21 bytes)
Event: 15.577 Thread 0x0000023a784a9800 nmethod 2509 0x0000023a61d85810 code [0x0000023a61d859c0, 0x0000023a61d85b58]
Event: 15.577 Thread 0x0000023a784a9800 2510       3       jdk.internal.org.objectweb.asm.ClassReader::readUnsignedShort (26 bytes)
Event: 15.577 Thread 0x0000023a784a9800 nmethod 2510 0x0000023a61d85c90 code [0x0000023a61d85e40, 0x0000023a61d85f98]
Event: 15.577 Thread 0x0000023a784a9800 2511       3       org.objectweb.asm.MethodWriter::visitAbstractType (8 bytes)
Event: 15.577 Thread 0x0000023a784a9800 nmethod 2511 0x0000023a61d86090 code [0x0000023a61d86240, 0x0000023a61d86378]
Event: 15.577 Thread 0x0000023a784a9800 2512       3       org.objectweb.asm.ByteVector::putInt (74 bytes)
Event: 15.578 Thread 0x0000023a784a9800 nmethod 2512 0x0000023a61d86490 code [0x0000023a61d86660, 0x0000023a61d868a8]
Event: 15.580 Thread 0x0000023a784a9800 2513       3       org.objectweb.asm.Frame::pop (42 bytes)
Event: 15.581 Thread 0x0000023a784a9800 nmethod 2513 0x0000023a61d86a10 code [0x0000023a61d86bc0, 0x0000023a61d86d58]

GC Heap History (8 events):
Event: 4.433 GC heap before
{Heap before GC invocations=0 (full 0):
 garbage-first heap   total 98304K, used 29696K [0x0000000080000000, 0x0000000100000000)
  region size 1024K, 24 young (24576K), 0 survivors (0K)
 Metaspace       used 10722K, capacity 10938K, committed 11264K, reserved 1058816K
  class space    used 1132K, capacity 1202K, committed 1280K, reserved 1048576K
}
Event: 4.491 GC heap after
{Heap after GC invocations=1 (full 0):
 garbage-first heap   total 98304K, used 8593K [0x0000000080000000, 0x0000000100000000)
  region size 1024K, 3 young (3072K), 3 survivors (3072K)
 Metaspace       used 10722K, capacity 10938K, committed 11264K, reserved 1058816K
  class space    used 1132K, capacity 1202K, committed 1280K, reserved 1048576K
}
Event: 9.858 GC heap before
{Heap before GC invocations=1 (full 0):
 garbage-first heap   total 98304K, used 63889K [0x0000000080000000, 0x0000000100000000)
  region size 1024K, 57 young (58368K), 3 survivors (3072K)
 Metaspace       used 16269K, capacity 16616K, committed 16896K, reserved 1064960K
  class space    used 1862K, capacity 1991K, committed 2048K, reserved 1048576K
}
Event: 9.937 GC heap after
{Heap after GC invocations=2 (full 0):
 garbage-first heap   total 98304K, used 14659K [0x0000000080000000, 0x0000000100000000)
  region size 1024K, 8 young (8192K), 8 survivors (8192K)
 Metaspace       used 16269K, capacity 16616K, committed 16896K, reserved 1064960K
  class space    used 1862K, capacity 1991K, committed 2048K, reserved 1048576K
}
Event: 11.335 GC heap before
{Heap before GC invocations=2 (full 0):
 garbage-first heap   total 98304K, used 44355K [0x0000000080000000, 0x0000000100000000)
  region size 1024K, 38 young (38912K), 8 survivors (8192K)
 Metaspace       used 20607K, capacity 21123K, committed 21296K, reserved 1069056K
  class space    used 2519K, capacity 2688K, committed 2688K, reserved 1048576K
}
Event: 11.347 GC heap after
{Heap after GC invocations=3 (full 0):
 garbage-first heap   total 98304K, used 16653K [0x0000000080000000, 0x0000000100000000)
  region size 1024K, 2 young (2048K), 2 survivors (2048K)
 Metaspace       used 20607K, capacity 21123K, committed 21296K, reserved 1069056K
  class space    used 2519K, capacity 2688K, committed 2688K, reserved 1048576K
}
Event: 13.606 GC heap before
{Heap before GC invocations=4 (full 0):
 garbage-first heap   total 98304K, used 55565K [0x0000000080000000, 0x0000000100000000)
  region size 1024K, 40 young (40960K), 2 survivors (2048K)
 Metaspace       used 25032K, capacity 25630K, committed 25776K, reserved 1071104K
  class space    used 3227K, capacity 3471K, committed 3584K, reserved 1048576K
}
Event: 13.610 GC heap after
{Heap after GC invocations=5 (full 0):
 garbage-first heap   total 98304K, used 18110K [0x0000000080000000, 0x0000000100000000)
  region size 1024K, 3 young (3072K), 3 survivors (3072K)
 Metaspace       used 25032K, capacity 25630K, committed 25776K, reserved 1071104K
  class space    used 3227K, capacity 3471K, committed 3584K, reserved 1048576K
}

Deoptimization events (20 events):
Event: 14.141 Thread 0x0000023a79907000 DEOPT PACKING pc=0x0000023a68ef2cf0 sp=0x0000003a84ef9cb0
Event: 14.141 Thread 0x0000023a79907000 DEOPT UNPACKING pc=0x0000023a613674af sp=0x0000003a84ef9b98 mode 2
Event: 14.258 Thread 0x0000023a79907000 Uncommon trap: trap_request=0xffffff4d fr.pc=0x0000023a68e83e18 relative=0x0000000000001d98
Event: 14.258 Thread 0x0000023a79907000 Uncommon trap: reason=unstable_if action=reinterpret pc=0x0000023a68e83e18 method=java.util.zip.ZipFile$Source.initCEN(ILjava/util/zip/ZipCoder;)V @ 582 c2
Event: 14.258 Thread 0x0000023a79907000 DEOPT PACKING pc=0x0000023a68e83e18 sp=0x0000003a84ef5f20
Event: 14.258 Thread 0x0000023a79907000 DEOPT UNPACKING pc=0x0000023a613674af sp=0x0000003a84ef5ef8 mode 2
Event: 14.368 Thread 0x0000023a79907000 DEOPT PACKING pc=0x0000023a61d47a94 sp=0x0000003a84ef4e50
Event: 14.368 Thread 0x0000023a79907000 DEOPT UNPACKING pc=0x0000023a613672ce sp=0x0000003a84ef4440 mode 0
Event: 14.425 Thread 0x0000023a79907000 DEOPT PACKING pc=0x0000023a61c24e49 sp=0x0000003a84ef9350
Event: 14.425 Thread 0x0000023a79907000 DEOPT UNPACKING pc=0x0000023a613672ce sp=0x0000003a84ef87c8 mode 0
Event: 14.557 Thread 0x0000023a79907000 DEOPT PACKING pc=0x0000023a61d47a94 sp=0x0000003a84ef3ec0
Event: 14.557 Thread 0x0000023a79907000 DEOPT UNPACKING pc=0x0000023a613672ce sp=0x0000003a84ef34b0 mode 0
Event: 15.317 Thread 0x0000023a79907000 Uncommon trap: trap_request=0xffffff4d fr.pc=0x0000023a68efd84c relative=0x000000000000020c
Event: 15.317 Thread 0x0000023a79907000 Uncommon trap: reason=unstable_if action=reinterpret pc=0x0000023a68efd84c method=java.util.HashMap.hash(Ljava/lang/Object;)I @ 1 c2
Event: 15.317 Thread 0x0000023a79907000 DEOPT PACKING pc=0x0000023a68efd84c sp=0x0000003a84ef8800
Event: 15.317 Thread 0x0000023a79907000 DEOPT UNPACKING pc=0x0000023a613674af sp=0x0000003a84ef8738 mode 2
Event: 15.369 Thread 0x0000023a79907000 Uncommon trap: trap_request=0xffffff4d fr.pc=0x0000023a68ee0d2c relative=0x000000000000008c
Event: 15.369 Thread 0x0000023a79907000 Uncommon trap: reason=unstable_if action=reinterpret pc=0x0000023a68ee0d2c method=java.util.HashMap.hash(Ljava/lang/Object;)I @ 1 c2
Event: 15.369 Thread 0x0000023a79907000 DEOPT PACKING pc=0x0000023a68ee0d2c sp=0x0000003a84ef8130
Event: 15.369 Thread 0x0000023a79907000 DEOPT UNPACKING pc=0x0000023a613674af sp=0x0000003a84ef80c8 mode 2

Classes redefined (0 events):
No events

Internal exceptions (20 events):
Event: 14.566 Thread 0x0000023a79907000 Exception <a 'java/lang/NoSuchMethodError'{0x0000000085053d88}: <clinit>> (0x0000000085053d88) thrown at [./src/hotspot/share/prims/jni.cpp, line 1362]
Event: 14.578 Thread 0x0000023a79907000 Exception <a 'java/lang/NoSuchMethodError'{0x0000000085082cb8}: <clinit>> (0x0000000085082cb8) thrown at [./src/hotspot/share/prims/jni.cpp, line 1362]
Event: 14.580 Thread 0x0000023a79907000 Exception <a 'java/lang/NoSuchMethodError'{0x000000008508f218}: <clinit>> (0x000000008508f218) thrown at [./src/hotspot/share/prims/jni.cpp, line 1362]
Event: 14.582 Thread 0x0000023a79907000 Exception <a 'java/lang/NoSuchMethodError'{0x000000008509b7a8}: <clinit>> (0x000000008509b7a8) thrown at [./src/hotspot/share/prims/jni.cpp, line 1362]
Event: 14.585 Thread 0x0000023a79907000 Exception <a 'java/lang/NoSuchMethodError'{0x00000000850a6c98}: <clinit>> (0x00000000850a6c98) thrown at [./src/hotspot/share/prims/jni.cpp, line 1362]
Event: 14.590 Thread 0x0000023a79907000 Exception <a 'java/lang/NoSuchMethodError'{0x00000000850b3880}: <clinit>> (0x00000000850b3880) thrown at [./src/hotspot/share/prims/jni.cpp, line 1362]
Event: 14.620 Thread 0x0000023a79907000 Exception <a 'java/lang/NoSuchMethodError'{0x00000000850d0770}: <clinit>> (0x00000000850d0770) thrown at [./src/hotspot/share/prims/jni.cpp, line 1362]
Event: 14.622 Thread 0x0000023a79907000 Exception <a 'java/lang/NoSuchMethodError'{0x00000000850da0c8}: <clinit>> (0x00000000850da0c8) thrown at [./src/hotspot/share/prims/jni.cpp, line 1362]
Event: 14.623 Thread 0x0000023a79907000 Exception <a 'java/lang/NoSuchMethodError'{0x00000000850e3808}: <clinit>> (0x00000000850e3808) thrown at [./src/hotspot/share/prims/jni.cpp, line 1362]
Event: 14.624 Thread 0x0000023a79907000 Exception <a 'java/lang/NoSuchMethodError'{0x00000000850ed348}: <clinit>> (0x00000000850ed348) thrown at [./src/hotspot/share/prims/jni.cpp, line 1362]
Event: 14.650 Thread 0x0000023a79907000 Exception <a 'java/lang/NoSuchMethodError'{0x0000000084fb4cf0}: <clinit>> (0x0000000084fb4cf0) thrown at [./src/hotspot/share/prims/jni.cpp, line 1362]
Event: 14.650 Thread 0x0000023a79907000 Exception <a 'java/lang/NoSuchMethodError'{0x0000000084fb7728}: <clinit>> (0x0000000084fb7728) thrown at [./src/hotspot/share/prims/jni.cpp, line 1362]
Event: 14.650 Thread 0x0000023a79907000 Exception <a 'java/lang/NoSuchMethodError'{0x0000000084fb8d30}: <clinit>> (0x0000000084fb8d30) thrown at [./src/hotspot/share/prims/jni.cpp, line 1362]
Event: 14.651 Thread 0x0000023a79907000 Exception <a 'java/lang/NoSuchMethodError'{0x0000000084fba2c8}: <clinit>> (0x0000000084fba2c8) thrown at [./src/hotspot/share/prims/jni.cpp, line 1362]
Event: 14.651 Thread 0x0000023a79907000 Exception <a 'java/lang/NoSuchMethodError'{0x0000000084fbba28}: <clinit>> (0x0000000084fbba28) thrown at [./src/hotspot/share/prims/jni.cpp, line 1362]
Event: 14.651 Thread 0x0000023a79907000 Exception <a 'java/lang/NoSuchMethodError'{0x0000000084fbd0c0}: <clinit>> (0x0000000084fbd0c0) thrown at [./src/hotspot/share/prims/jni.cpp, line 1362]
Event: 14.651 Thread 0x0000023a79907000 Exception <a 'java/lang/NoSuchMethodError'{0x0000000084fbe5f8}: <clinit>> (0x0000000084fbe5f8) thrown at [./src/hotspot/share/prims/jni.cpp, line 1362]
Event: 14.713 Thread 0x0000023a79907000 Exception <a 'java/lang/NoSuchMethodError'{0x0000000084e643c0}: 'void java.lang.invoke.DirectMethodHandle$Holder.invokeSpecial(java.lang.Object, java.lang.Object, java.lang.Object, java.lang.Object)'> (0x0000000084e643c0) thrown at [./src/hotspot/share/interpreter/linkResolver.cpp, line 773]
Event: 15.317 Thread 0x0000023a79907000 Implicit null exception at 0x0000023a68efd675 to 0x0000023a68efd83c
Event: 15.369 Thread 0x0000023a79907000 Implicit null exception at 0x0000023a68ee0caf to 0x0000023a68ee0d1d

Events (20 events):
Event: 15.585 loading class org/gradle/internal/component/external/model/PreferJavaRuntimeVariant$PreferJarVariantUsageDisambiguationRule
Event: 15.585 loading class org/gradle/internal/component/external/model/PreferJavaRuntimeVariant$PreferJarVariantUsageDisambiguationRule done
Event: 15.587 loading class org/gradle/api/internal/artifacts/repositories/metadata/MavenImmutableAttributesFactory
Event: 15.587 loading class org/gradle/api/internal/artifacts/repositories/metadata/MavenImmutableAttributesFactory done
Event: 15.588 loading class org/gradle/internal/component/external/model/maven/MutableMavenModuleResolveMetadata
Event: 15.588 loading class org/gradle/internal/component/external/model/maven/MutableMavenModuleResolveMetadata done
Event: 15.591 loading class org/gradle/internal/component/external/model/MutableModuleComponentResolveMetadata
Event: 15.591 loading class org/gradle/internal/component/external/model/MutableModuleComponentResolveMetadata done
Event: 15.592 loading class org/gradle/api/internal/artifacts/repositories/metadata/DefaultMavenImmutableAttributesFactory
Event: 15.592 loading class org/gradle/api/internal/artifacts/repositories/metadata/DefaultMavenImmutableAttributesFactory done
Event: 15.596 loading class org/gradle/internal/component/external/model/ivy/MutableIvyModuleResolveMetadata
Event: 15.596 loading class org/gradle/internal/component/external/model/ivy/MutableIvyModuleResolveMetadata done
Event: 15.599 loading class org/gradle/internal/component/model/IvyArtifactName
Event: 15.599 loading class org/gradle/internal/component/model/IvyArtifactName done
Event: 15.601 loading class org/gradle/internal/component/external/descriptor/Configuration
Event: 15.601 loading class org/gradle/internal/component/external/descriptor/Configuration done
Event: 15.609 loading class org/gradle/internal/hash/DefaultChecksumService
Event: 15.609 loading class org/gradle/internal/hash/DefaultChecksumService done
Event: 15.617 loading class org/gradle/internal/hash/ChecksumHasher
Event: 15.617 loading class org/gradle/internal/hash/ChecksumHasher done


Dynamic libraries:
0x00007ff6793d0000 - 0x00007ff6793da000 	C:\Program Files\Android\Android Studio\jre\bin\java.exe
0x00007ffa6b3f0000 - 0x00007ffa6b5e6000 	C:\WINDOWS\SYSTEM32\ntdll.dll
0x00007ffa69520000 - 0x00007ffa695dd000 	C:\WINDOWS\System32\KERNEL32.DLL
0x00007ffa68f10000 - 0x00007ffa691d8000 	C:\WINDOWS\System32\KERNELBASE.dll
0x00007ffa68d60000 - 0x00007ffa68e60000 	C:\WINDOWS\System32\ucrtbase.dll
0x00007ffa643f0000 - 0x00007ffa64409000 	C:\Program Files\Android\Android Studio\jre\bin\jli.dll
0x00007ffa69ef0000 - 0x00007ffa6a090000 	C:\WINDOWS\System32\USER32.dll
0x00007ffa68ee0000 - 0x00007ffa68f02000 	C:\WINDOWS\System32\win32u.dll
0x00007ffa6a850000 - 0x00007ffa6a87a000 	C:\WINDOWS\System32\GDI32.dll
0x00007ffa69340000 - 0x00007ffa69449000 	C:\WINDOWS\System32\gdi32full.dll
0x00007ffa68b30000 - 0x00007ffa68bcd000 	C:\WINDOWS\System32\msvcp_win.dll
0x00007ffa54630000 - 0x00007ffa548cb000 	C:\WINDOWS\WinSxS\amd64_microsoft.windows.common-controls_6595b64144ccf1df_6.0.19041.488_none_ca04af081b815d21\COMCTL32.dll
0x00007ffa698c0000 - 0x00007ffa6995e000 	C:\WINDOWS\System32\msvcrt.dll
0x00007ffa631e0000 - 0x00007ffa631f7000 	C:\Program Files\Android\Android Studio\jre\bin\VCRUNTIME140.dll
0x00007ffa69890000 - 0x00007ffa698c0000 	C:\WINDOWS\System32\IMM32.DLL
0x00007ffa510e0000 - 0x00007ffa5117d000 	C:\Program Files\Android\Android Studio\jre\bin\msvcp140.dll
0x00007ffa28c80000 - 0x00007ffa2973c000 	C:\Program Files\Android\Android Studio\jre\bin\server\jvm.dll
0x00007ffa697e0000 - 0x00007ffa6988c000 	C:\WINDOWS\System32\ADVAPI32.dll
0x00007ffa6ad50000 - 0x00007ffa6adeb000 	C:\WINDOWS\System32\sechost.dll
0x00007ffa6adf0000 - 0x00007ffa6af14000 	C:\WINDOWS\System32\RPCRT4.dll
0x00007ffa695e0000 - 0x00007ffa695e8000 	C:\WINDOWS\System32\PSAPI.DLL
0x00007ffa56270000 - 0x00007ffa56279000 	C:\WINDOWS\SYSTEM32\WSOCK32.dll
0x00007ffa6a090000 - 0x00007ffa6a0fb000 	C:\WINDOWS\System32\WS2_32.dll
0x00007ffa5eb80000 - 0x00007ffa5eba7000 	C:\WINDOWS\SYSTEM32\WINMM.dll
0x00007ffa61420000 - 0x00007ffa6142a000 	C:\WINDOWS\SYSTEM32\VERSION.dll
0x00007ffa67460000 - 0x00007ffa67472000 	C:\WINDOWS\SYSTEM32\kernel.appcore.dll
0x00007ffa63190000 - 0x00007ffa631a1000 	C:\Program Files\Android\Android Studio\jre\bin\verify.dll
0x00007ffa67210000 - 0x00007ffa673f4000 	C:\WINDOWS\SYSTEM32\DBGHELP.DLL
0x00007ffa5c930000 - 0x00007ffa5c95c000 	C:\WINDOWS\SYSTEM32\dbgcore.DLL
0x00007ffa68e60000 - 0x00007ffa68edf000 	C:\WINDOWS\System32\bcryptPrimitives.dll
0x00007ffa512e0000 - 0x00007ffa51309000 	C:\Program Files\Android\Android Studio\jre\bin\java.dll
0x00007ffa63180000 - 0x00007ffa6318b000 	C:\Program Files\Android\Android Studio\jre\bin\jimage.dll
0x00007ffa62cd0000 - 0x00007ffa62ce8000 	C:\Program Files\Android\Android Studio\jre\bin\zip.dll
0x00007ffa6a100000 - 0x00007ffa6a841000 	C:\WINDOWS\System32\SHELL32.dll
0x00007ffa669a0000 - 0x00007ffa67135000 	C:\WINDOWS\SYSTEM32\windows.storage.dll
0x00007ffa6af80000 - 0x00007ffa6b2d5000 	C:\WINDOWS\System32\combase.dll
0x00007ffa68530000 - 0x00007ffa6855c000 	C:\WINDOWS\SYSTEM32\Wldp.dll
0x00007ffa695f0000 - 0x00007ffa6969e000 	C:\WINDOWS\System32\SHCORE.dll
0x00007ffa69450000 - 0x00007ffa694a5000 	C:\WINDOWS\System32\shlwapi.dll
0x00007ffa68a60000 - 0x00007ffa68a86000 	C:\WINDOWS\SYSTEM32\profapi.dll
0x00007ffa512c0000 - 0x00007ffa512da000 	C:\Program Files\Android\Android Studio\jre\bin\net.dll
0x00007ffa60af0000 - 0x00007ffa60bf0000 	C:\WINDOWS\SYSTEM32\WINHTTP.dll
0x00007ffa68250000 - 0x00007ffa682ba000 	C:\WINDOWS\system32\mswsock.dll
0x00007ffa512a0000 - 0x00007ffa512b4000 	C:\Program Files\Android\Android Studio\jre\bin\nio.dll
0x00007ffa4a650000 - 0x00007ffa4a677000 	C:\Users\raj\.gradle\native\fdc75f09e3144964f2cf3f50f0aa648679c211496f362492102eb8c894070792\windows-amd64\native-platform.dll
0x00007ffa2d160000 - 0x00007ffa2d2f6000 	C:\Users\raj\.gradle\native\12488b8bf47d2d4c9fbf2f6322a914ad602e24e48041cd04a747c6da556b65c4\windows-amd64\native-platform-file-events.dll
0x00007ffa5cf40000 - 0x00007ffa5cf4a000 	C:\Program Files\Android\Android Studio\jre\bin\management.dll
0x00007ffa52ef0000 - 0x00007ffa52efc000 	C:\Program Files\Android\Android Studio\jre\bin\management_ext.dll
0x00007ffa68480000 - 0x00007ffa68498000 	C:\WINDOWS\SYSTEM32\CRYPTSP.dll
0x00007ffa67be0000 - 0x00007ffa67c14000 	C:\WINDOWS\system32\rsaenh.dll
0x00007ffa68bd0000 - 0x00007ffa68bf7000 	C:\WINDOWS\System32\bcrypt.dll
0x00007ffa689e0000 - 0x00007ffa68a0e000 	C:\WINDOWS\SYSTEM32\USERENV.dll
0x00007ffa684a0000 - 0x00007ffa684ac000 	C:\WINDOWS\SYSTEM32\CRYPTBASE.dll
0x00007ffa67f40000 - 0x00007ffa67f7b000 	C:\WINDOWS\SYSTEM32\IPHLPAPI.DLL
0x00007ffa694b0000 - 0x00007ffa694b8000 	C:\WINDOWS\System32\NSI.dll
0x00007ffa634f0000 - 0x00007ffa63507000 	C:\WINDOWS\SYSTEM32\dhcpcsvc6.DLL
0x00007ffa63480000 - 0x00007ffa6349d000 	C:\WINDOWS\SYSTEM32\dhcpcsvc.DLL
0x00007ffa67f80000 - 0x00007ffa6804b000 	C:\WINDOWS\SYSTEM32\DNSAPI.dll
0x00007ffa63a60000 - 0x00007ffa63a6b000 	C:\WINDOWS\SYSTEM32\WINNSI.DLL

dbghelp: loaded successfully - version: 4.0.5 - missing functions: none
symbol engine: initialized successfully - sym options: 0x614 - pdb path: .;C:\Program Files\Android\Android Studio\jre\bin;C:\WINDOWS\SYSTEM32;C:\WINDOWS\WinSxS\amd64_microsoft.windows.common-controls_6595b64144ccf1df_6.0.19041.488_none_ca04af081b815d21;C:\Program Files\Android\Android Studio\jre\bin\server;C:\Users\raj\.gradle\native\fdc75f09e3144964f2cf3f50f0aa648679c211496f362492102eb8c894070792\windows-amd64;C:\Users\raj\.gradle\native\12488b8bf47d2d4c9fbf2f6322a914ad602e24e48041cd04a747c6da556b65c4\windows-amd64

VM Arguments:
jvm_args: --add-opens=java.base/java.util=ALL-UNNAMED --add-opens=java.base/java.lang=ALL-UNNAMED --add-opens=java.base/java.lang.invoke=ALL-UNNAMED --add-opens=java.prefs/java.util.prefs=ALL-UNNAMED -Xmx2048m -Dfile.encoding=UTF-8 -Duser.country=IN -Duser.language=en -Duser.variant 
java_command: org.gradle.launcher.daemon.bootstrap.GradleDaemon 6.7.1
java_class_path (initial): C:\Users\raj\.gradle\wrapper\dists\gradle-6.7.1-bin\bwlcbys1h7rz3272sye1xwiv6\gradle-6.7.1\lib\gradle-launcher-6.7.1.jar
Launcher Type: SUN_STANDARD

[Global flags]
     intx CICompilerCount                          = 4                                         {product} {ergonomic}
     uint ConcGCThreads                            = 2                                         {product} {ergonomic}
     uint G1ConcRefinementThreads                  = 8                                         {product} {ergonomic}
   size_t G1HeapRegionSize                         = 1048576                                   {product} {ergonomic}
    uintx GCDrainStackTargetSize                   = 64                                        {product} {ergonomic}
   size_t InitialHeapSize                          = 100663296                                 {product} {ergonomic}
   size_t MarkStackSize                            = 4194304                                   {product} {ergonomic}
   size_t MaxHeapSize                              = 2147483648                                {product} {command line}
   size_t MaxNewSize                               = 1287651328                                {product} {ergonomic}
   size_t MinHeapDeltaBytes                        = 1048576                                   {product} {ergonomic}
    uintx NonNMethodCodeHeapSize                   = 5836300                                {pd product} {ergonomic}
    uintx NonProfiledCodeHeapSize                  = 122910970                              {pd product} {ergonomic}
    uintx ProfiledCodeHeapSize                     = 122910970                              {pd product} {ergonomic}
    uintx ReservedCodeCacheSize                    = 251658240                              {pd product} {ergonomic}
     bool SegmentedCodeCache                       = true                                      {product} {ergonomic}
     bool UseCompressedClassPointers               = true                                 {lp64_product} {ergonomic}
     bool UseCompressedOops                        = true                                 {lp64_product} {ergonomic}
     bool UseG1GC                                  = true                                      {product} {ergonomic}
     bool UseLargePagesIndividualAllocation        = false                                  {pd product} {ergonomic}

Logging:
Log output configuration:
 #0: stdout all=warning uptime,level,tags
 #1: stderr all=off uptime,level,tags

Environment Variables:
PATH=C:\Program Files (x86)\Common Files\Intel\Shared Libraries\redist\intel64\compiler;C:\python3.9.0\Scripts\;C:\python3.9.0\;C:\Program Files\Common Files\Oracle\Java\javapath;C:\Windows\system32;C:\Windows;C:\Windows\System32\Wbem;C:\Windows\System32\WindowsPowerShell\v1.0\;C:\Windows\System32\OpenSSH\;C:\Program Files (x86)\NVIDIA Corporation\PhysX\Common;C:\Program Files\NVIDIA Corporation\NVIDIA NvDLISR;C:\WINDOWS\system32;C:\WINDOWS;C:\WINDOWS\System32\Wbem;C:\WINDOWS\System32\WindowsPowerShell\v1.0\;C:\WINDOWS\System32\OpenSSH\;C:\Program Files\Java\jdk-15.0.1\bin;C:\Users\raj\AppData\Roaming\Python\Python39\Scripts;C:\MinGW\bin;C:\Program Files\Git\cmd;C:\Program Files\nodejs\;C:\Program Files\dotnet\;C:\Program Files\Microsoft SQL Server\130\Tools\Binn\;C:\Program Files\Microsoft SQL Server\Client SDK\ODBC\170\Tools\Binn\;C:\Users\raj\CodingStuff\vcpkg-master\vcpkg-master\installed\x86-windows\include\;C:\aircrack-ng-1.6-win\bin;C:\Users\raj\AppData\Local\Programs\Microsoft VS Code\bin
USERNAME=raj
OS=Windows_NT
PROCESSOR_IDENTIFIER=AMD64 Family 23 Model 24 Stepping 1, AuthenticAMD



---------------  S Y S T E M  ---------------

OS: Windows 10 , 64 bit Build 19041 (10.0.19041.546)
OS uptime: 0 days 13:33 hours

CPU:total 8 (initial active 8) (8 cores per cpu, 2 threads per core) family 23 model 24 stepping 1, cmov, cx8, fxsr, mmx, sse, sse2, sse3, ssse3, sse4.1, sse4.2, popcnt, avx, avx2, aes, clmul, mmxext, 3dnowpref, lzcnt, sse4a, ht, tsc, tscinvbit, tscinv, bmi1, bmi2, adx, sha, fma

Memory: 4k page, system-wide physical 6079M (342M free)
TotalPageFile size 24511M (AvailPageFile size 0M)
current process WorkingSet (physical memory assigned to process): 197M, peak: 197M
current process commit charge ("private bytes"): 246M, peak: 247M

vm_info: OpenJDK 64-Bit Server VM (11.0.8+10-b944.6842174) for windows-amd64 JRE (11.0.8+10-b944.6842174), built on Sep 19 2020 01:11:42 by "builder" with MS VC++ 14.0 (VS2015)

END.
